DEBUG main org.apache.http.headers - << Access-Control-Allow-Origin: *
DEBUG main org.apache.http.headers - << Access-Control-Allow-Credentials: true
DEBUG main org.apache.http.headers - << Access-Control-Allow-Methods: GET, POST, OPTIONS
DEBUG main org.apache.http.headers - << Access-Control-Allow-Headers: DNT,X-CustomHeader,Keep-Alive,User-Agent,X-Requested-With,If-Modified-Since,Cache-Control,Content-Type,Accept-Encoding
DEBUG main org.apache.http.headers - << Accept-Ranges: bytes
DEBUG main org.apache.http.impl.client.SystemDefaultHttpClient - Connection can be kept alive indefinitely
DEBUG main org.apache.http.wire - << "[\n]"
DEBUG main org.apache.http.wire - << "{ "head": { "link": [], "vars": ["s", "v"] },[\n]"
DEBUG main org.apache.http.wire - << "  "results": { "distinct": false, "ordered": true, "bindings": [[\n]"
DEBUG main org.apache.http.wire - << "    { "s": { "type": "uri", "value": "http://dbpedia.org/resource/Democratic_Party_(United_States)" }[0x9], "v": { "type": "typed-literal", "datatype": "http://www.w3.org/2001/XMLSchema#float", "value": "861.695" }},[\n]"
DEBUG main org.apache.http.wire - << "    { "s": { "type": "uri", "value": "http://dbpedia.org/resource/Republican_Party_(United_States)" }[0x9], "v": { "type": "typed-literal", "datatype": "http://www.w3.org/2001/XMLSchema#float", "value": "835.101" }},[\n]"
DEBUG main org.apache.http.wire - << "    { "s": { "type": "uri", "value": "http://dbpedia.org/resource/Barack_Obama" }[0x9], "v": { "type": "typed-literal", "datatype": "http://www.w3.org/2001/XMLSchema#float", "value": "509.522" }},[\n]"
DEBUG main org.apache.http.wire - << "    { "s": { "type": "uri", "value": "http://dbpedia.org/resource/Conservative_Party_(UK)" }[0x9], "v": { "type": "typed-literal", "datatype": "http://www.w3.org/2001/XMLSchema#float", "value": "482.647" }},[\n]"
DEBUG main org.apache.http.wire - << "    { "s": { "type": "uri", "value": "http://dbpedia.org/resource/Labour_Party_(UK)" }[0x9], "v": { "type": "typed-literal", "datatype": "http://www.w3.org/2001/XMLSchema#float", "value": "428.361" }},[\n]"
DEBUG main org.apache.http.wire - << "    { "s": { "type": "uri", "value": "http://dbpedia.org/resource/George_W._Bush" }[0x9], "v": { "type": "typed-literal", "datatype": "http://www.w3.org/2001/XMLSchema#float", "value": "413.085" }},[\n]"
DEBUG main org.apache.http.wire - << "    { "s": { "type": "uri", "value": "http://dbpedia.org/resource/NATO" }[0x9], "v": { "type": "typed-literal", "datatype": "http://www.w3.org/2001/XMLSchema#float", "value": "411.35" }},[\n]"
DEBUG main org.apache.http.wire - << "    { "s": { "type": "uri", "value": "http://dbpedia.org/resource/Bill_Clinton" }[0x9], "v": { "type": "typed-literal", "datatype": "http://www.w3.org/2001/XMLSchema#float", "value": "308.69" }},[\n]"
DEBUG main org.apache.http.wire - << "    { "s": { "type": "uri", "value": "http://dbpedia.org/resource/Ronald_Reagan" }[0x9], "v": { "type": "typed-literal", "datatype": "http://www.w3.org/2001/XMLSchema#float", "value": "290.419" }},[\n]"
DEBUG main org.apache.http.wire - << "    { "s": { "type": "uri", "value": "http://dbpedia.org/resource/Iranian_calendars" }[0x9], "v": { "type": "typed-literal", "datatype": "http://www.w3.org/2001/XMLSchema#float", "value": "265.583" }} ] } }"
DEBUG main org.apache.http.impl.conn.PoolingClientConnectionManager - Connection [id: 0][route: {}->http://dbpedia.org] can be kept alive indefinitely
DEBUG main org.apache.http.impl.conn.PoolingClientConnectionManager - Connection released: [id: 0][route: {}->http://dbpedia.org][total kept alive: 1; route allocated: 1 of 5; total allocated: 1 of 10]
DEBUG Finalizer org.apache.http.impl.conn.PoolingClientConnectionManager - Connection manager is shutting down
DEBUG Finalizer org.apache.http.impl.conn.DefaultClientConnection - Connection 0.0.0.0:62278<->194.109.129.58:80 closed
DEBUG Finalizer org.apache.http.impl.conn.DefaultClientConnection - Connection 0.0.0.0:62278<->194.109.129.58:80 closed
DEBUG Finalizer org.apache.http.impl.conn.PoolingClientConnectionManager - Connection manager shut down
DEBUG main Jena - Jena initialization
DEBUG main org.apache.jena.util.FileManager - Add location: LocatorFile
DEBUG main org.apache.jena.util.FileManager - Add location: ClassLoaderLocator
DEBUG main org.apache.jena.util.LocationMapper - Failed to find configuration: file:location-mapping.rdf;file:location-mapping.n3;file:location-mapping.ttl;file:etc/location-mapping.rdf;file:etc/location-mapping.n3;file:etc/location-mapping.ttl
DEBUG main org.apache.jena.util.FileManager - Add location: LocatorFile
DEBUG main org.apache.jena.util.FileManager - Add location: LocatorURL
DEBUG main org.apache.jena.util.FileManager - Add location: ClassLoaderLocator
DEBUG main org.apache.jena.riot.system.stream.JenaIOEnvironment - Failed to find configuration: location-mapping.ttl;location-mapping.rdf;location-mapping.n3;etc/location-mapping.rdf;etc/location-mapping.n3;etc/location-mapping.ttl
DEBUG main org.apache.jena.riot.web.HttpOp - [1] GET http://dbpedia.org/sparql?query=PREFIX++dbo%3A++%3Chttp%3A%2F%2Fdbpedia.org%2Fontology%2F%3E%0APREFIX++rdf%3A++%3Chttp%3A%2F%2Fwww.w3.org%2F1999%2F02%2F22-rdf-syntax-ns%23%3E%0APREFIX++vrank%3A+%3Chttp%3A%2F%2Fpurl.org%2Fvoc%2Fvrank%23%3E%0A%0ASELECT++%3Fs+%3Fv%0AFROM+%3Chttp%3A%2F%2Fdbpedia.org%3E%0AFROM+%3Chttp%3A%2F%2Fpeople.aifb.kit.edu%2Fath%2F%23DBpedia_PageRank%3E%0AWHERE%0A++%7B+++%7B+%3Fs++rdf%3Atype++dbo%3APoliticalParty+%7D%0A++++UNION%0A++++++%7B+%3Fs++rdf%3Atype++dbo%3APolitician+%7D%0A++++%3Fs+vrank%3AhasRank%2Fvrank%3ArankValue+%3Fv%0A++%7D%0AORDER+BY+DESC%28%3Fv%29%0ALIMIT+++10%0A
DEBUG main org.apache.http.impl.conn.PoolingClientConnectionManager - Connection request: [route: {}->http://dbpedia.org][total kept alive: 0; route allocated: 0 of 5; total allocated: 0 of 10]
DEBUG main org.apache.http.impl.conn.PoolingClientConnectionManager - Connection leased: [id: 0][route: {}->http://dbpedia.org][total kept alive: 0; route allocated: 1 of 5; total allocated: 1 of 10]
DEBUG main org.apache.http.impl.conn.DefaultClientConnectionOperator - Connecting to dbpedia.org:80
DEBUG main org.apache.http.client.protocol.RequestAddCookies - CookieSpec selected: best-match
DEBUG main org.apache.http.client.protocol.RequestAuthCache - Auth cache not set in the context
DEBUG main org.apache.http.client.protocol.RequestTargetAuthentication - Target auth state: UNCHALLENGED
DEBUG main org.apache.http.client.protocol.RequestProxyAuthentication - Proxy auth state: UNCHALLENGED
DEBUG main org.apache.http.impl.client.SystemDefaultHttpClient - Attempt 1 to execute request
DEBUG main org.apache.http.impl.conn.DefaultClientConnection - Sending request: GET /sparql?query=PREFIX++dbo%3A++%3Chttp%3A%2F%2Fdbpedia.org%2Fontology%2F%3E%0APREFIX++rdf%3A++%3Chttp%3A%2F%2Fwww.w3.org%2F1999%2F02%2F22-rdf-syntax-ns%23%3E%0APREFIX++vrank%3A+%3Chttp%3A%2F%2Fpurl.org%2Fvoc%2Fvrank%23%3E%0A%0ASELECT++%3Fs+%3Fv%0AFROM+%3Chttp%3A%2F%2Fdbpedia.org%3E%0AFROM+%3Chttp%3A%2F%2Fpeople.aifb.kit.edu%2Fath%2F%23DBpedia_PageRank%3E%0AWHERE%0A++%7B+++%7B+%3Fs++rdf%3Atype++dbo%3APoliticalParty+%7D%0A++++UNION%0A++++++%7B+%3Fs++rdf%3Atype++dbo%3APolitician+%7D%0A++++%3Fs+vrank%3AhasRank%2Fvrank%3ArankValue+%3Fv%0A++%7D%0AORDER+BY+DESC%28%3Fv%29%0ALIMIT+++10%0A HTTP/1.1
DEBUG main org.apache.http.wire - >> "GET /sparql?query=PREFIX++dbo%3A++%3Chttp%3A%2F%2Fdbpedia.org%2Fontology%2F%3E%0APREFIX++rdf%3A++%3Chttp%3A%2F%2Fwww.w3.org%2F1999%2F02%2F22-rdf-syntax-ns%23%3E%0APREFIX++vrank%3A+%3Chttp%3A%2F%2Fpurl.org%2Fvoc%2Fvrank%23%3E%0A%0ASELECT++%3Fs+%3Fv%0AFROM+%3Chttp%3A%2F%2Fdbpedia.org%3E%0AFROM+%3Chttp%3A%2F%2Fpeople.aifb.kit.edu%2Fath%2F%23DBpedia_PageRank%3E%0AWHERE%0A++%7B+++%7B+%3Fs++rdf%3Atype++dbo%3APoliticalParty+%7D%0A++++UNION%0A++++++%7B+%3Fs++rdf%3Atype++dbo%3APolitician+%7D%0A++++%3Fs+vrank%3AhasRank%2Fvrank%3ArankValue+%3Fv%0A++%7D%0AORDER+BY+DESC%28%3Fv%29%0ALIMIT+++10%0A HTTP/1.1[\r][\n]"
DEBUG main org.apache.http.wire - >> "Accept: application/sparql-results+json, application/sparql-results+xml;q=0.9, text/tab-separated-values;q=0.7, text/csv;q=0.5, application/json;q=0.2, application/xml;q=0.2, */*;q=0.1[\r][\n]"
DEBUG main org.apache.http.wire - >> "User-Agent: Apache-Jena-ARQ/3.0.1[\r][\n]"
DEBUG main org.apache.http.wire - >> "Accept-Encoding: gzip,deflate[\r][\n]"
DEBUG main org.apache.http.wire - >> "Host: dbpedia.org[\r][\n]"
DEBUG main org.apache.http.wire - >> "Connection: Keep-Alive[\r][\n]"
DEBUG main org.apache.http.wire - >> "[\r][\n]"
DEBUG main org.apache.http.headers - >> GET /sparql?query=PREFIX++dbo%3A++%3Chttp%3A%2F%2Fdbpedia.org%2Fontology%2F%3E%0APREFIX++rdf%3A++%3Chttp%3A%2F%2Fwww.w3.org%2F1999%2F02%2F22-rdf-syntax-ns%23%3E%0APREFIX++vrank%3A+%3Chttp%3A%2F%2Fpurl.org%2Fvoc%2Fvrank%23%3E%0A%0ASELECT++%3Fs+%3Fv%0AFROM+%3Chttp%3A%2F%2Fdbpedia.org%3E%0AFROM+%3Chttp%3A%2F%2Fpeople.aifb.kit.edu%2Fath%2F%23DBpedia_PageRank%3E%0AWHERE%0A++%7B+++%7B+%3Fs++rdf%3Atype++dbo%3APoliticalParty+%7D%0A++++UNION%0A++++++%7B+%3Fs++rdf%3Atype++dbo%3APolitician+%7D%0A++++%3Fs+vrank%3AhasRank%2Fvrank%3ArankValue+%3Fv%0A++%7D%0AORDER+BY+DESC%28%3Fv%29%0ALIMIT+++10%0A HTTP/1.1
DEBUG main org.apache.http.headers - >> Accept: application/sparql-results+json, application/sparql-results+xml;q=0.9, text/tab-separated-values;q=0.7, text/csv;q=0.5, application/json;q=0.2, application/xml;q=0.2, */*;q=0.1
DEBUG main org.apache.http.headers - >> User-Agent: Apache-Jena-ARQ/3.0.1
DEBUG main org.apache.http.headers - >> Accept-Encoding: gzip,deflate
DEBUG main org.apache.http.headers - >> Host: dbpedia.org
DEBUG main org.apache.http.headers - >> Connection: Keep-Alive
DEBUG main org.apache.http.wire - << "HTTP/1.1 200 OK[\r][\n]"
DEBUG main org.apache.http.wire - << "Date: Sat, 21 Apr 2018 12:35:47 GMT[\r][\n]"
DEBUG main org.apache.http.wire - << "Content-Type: application/sparql-results+json[\r][\n]"
DEBUG main org.apache.http.wire - << "Content-Length: 2100[\r][\n]"
DEBUG main org.apache.http.wire - << "Connection: keep-alive[\r][\n]"
DEBUG main org.apache.http.wire - << "Server: Virtuoso/07.20.3228 (Linux) i686-generic-linux-glibc25-64  VDB[\r][\n]"
DEBUG main org.apache.http.wire - << "Expires: Sat, 28 Apr 2018 12:35:47 GMT[\r][\n]"
DEBUG main org.apache.http.wire - << "Cache-Control: max-age=604800[\r][\n]"
DEBUG main org.apache.http.wire - << "Access-Control-Allow-Origin: *[\r][\n]"
DEBUG main org.apache.http.wire - << "Access-Control-Allow-Credentials: true[\r][\n]"
DEBUG main org.apache.http.wire - << "Access-Control-Allow-Methods: GET, POST, OPTIONS[\r][\n]"
DEBUG main org.apache.http.wire - << "Access-Control-Allow-Headers: DNT,X-CustomHeader,Keep-Alive,User-Agent,X-Requested-With,If-Modified-Since,Cache-Control,Content-Type,Accept-Encoding[\r][\n]"
DEBUG main org.apache.http.wire - << "Accept-Ranges: bytes[\r][\n]"
DEBUG main org.apache.http.wire - << "[\r][\n]"
DEBUG main org.apache.http.impl.conn.DefaultClientConnection - Receiving response: HTTP/1.1 200 OK
DEBUG main org.apache.http.headers - << HTTP/1.1 200 OK
DEBUG main org.apache.http.headers - << Date: Sat, 21 Apr 2018 12:35:47 GMT
DEBUG main org.apache.http.headers - << Content-Type: application/sparql-results+json
DEBUG main org.apache.http.headers - << Content-Length: 2100
DEBUG main org.apache.http.headers - << Connection: keep-alive
DEBUG main org.apache.http.headers - << Server: Virtuoso/07.20.3228 (Linux) i686-generic-linux-glibc25-64  VDB
DEBUG main org.apache.http.headers - << Expires: Sat, 28 Apr 2018 12:35:47 GMT
DEBUG main org.apache.http.headers - << Cache-Control: max-age=604800
DEBUG main org.apache.http.headers - << Access-Control-Allow-Origin: *
DEBUG main org.apache.http.headers - << Access-Control-Allow-Credentials: true
DEBUG main org.apache.http.headers - << Access-Control-Allow-Methods: GET, POST, OPTIONS
DEBUG main org.apache.http.headers - << Access-Control-Allow-Headers: DNT,X-CustomHeader,Keep-Alive,User-Agent,X-Requested-With,If-Modified-Since,Cache-Control,Content-Type,Accept-Encoding
DEBUG main org.apache.http.headers - << Accept-Ranges: bytes
DEBUG main org.apache.http.impl.client.SystemDefaultHttpClient - Connection can be kept alive indefinitely
DEBUG main org.apache.http.wire - << "[\n]"
DEBUG main org.apache.http.wire - << "{ "head": { "link": [], "vars": ["s", "v"] },[\n]"
DEBUG main org.apache.http.wire - << "  "results": { "distinct": false, "ordered": true, "bindings": [[\n]"
DEBUG main org.apache.http.wire - << "    { "s": { "type": "uri", "value": "http://dbpedia.org/resource/Democratic_Party_(United_States)" }[0x9], "v": { "type": "typed-literal", "datatype": "http://www.w3.org/2001/XMLSchema#float", "value": "861.695" }},[\n]"
DEBUG main org.apache.http.wire - << "    { "s": { "type": "uri", "value": "http://dbpedia.org/resource/Republican_Party_(United_States)" }[0x9], "v": { "type": "typed-literal", "datatype": "http://www.w3.org/2001/XMLSchema#float", "value": "835.101" }},[\n]"
DEBUG main org.apache.http.wire - << "    { "s": { "type": "uri", "value": "http://dbpedia.org/resource/Barack_Obama" }[0x9], "v": { "type": "typed-literal", "datatype": "http://www.w3.org/2001/XMLSchema#float", "value": "509.522" }},[\n]"
DEBUG main org.apache.http.wire - << "    { "s": { "type": "uri", "value": "http://dbpedia.org/resource/Conservative_Party_(UK)" }[0x9], "v": { "type": "typed-literal", "datatype": "http://www.w3.org/2001/XMLSchema#float", "value": "482.647" }},[\n]"
DEBUG main org.apache.http.wire - << "    { "s": { "type": "uri", "value": "http://dbpedia.org/resource/Labour_Party_(UK)" }[0x9], "v": { "type": "typed-literal", "datatype": "http://www.w3.org/2001/XMLSchema#float", "value": "428.361" }},[\n]"
DEBUG main org.apache.http.wire - << "    { "s": { "type": "uri", "value": "http://dbpedia.org/resource/George_W._Bush" }[0x9], "v": { "type": "typed-literal", "datatype": "http://www.w3.org/2001/XMLSchema#float", "value": "413.085" }},[\n]"
DEBUG main org.apache.http.wire - << "    { "s": { "type": "uri", "value": "http://dbpedia.org/resource/NATO" }[0x9], "v": { "type": "typed-literal", "datatype": "http://www.w3.org/2001/XMLSchema#float", "value": "411.35" }},[\n]"
DEBUG main org.apache.http.wire - << "    { "s": { "type": "uri", "value": "http://dbpedia.org/resource/Bill_Clinton" }[0x9], "v": { "type": "typed-literal", "datatype": "http://www.w3.org/2001/XMLSchema#float", "value": "308.69" }},[\n]"
DEBUG main org.apache.http.wire - << "    { "s": { "type": "uri", "value": "http://dbpedia.org/resource/Ronald_Reagan" }[0x9], "v": { "type": "typed-literal", "datatype": "http://www.w3.org/2001/XMLSchema#float", "value": "290.419" }},[\n]"
DEBUG main org.apache.http.wire - << "    { "s": { "type": "uri", "value": "http://dbpedia.org/resource/Iranian_calendars" }[0x9], "v": { "type": "typed-literal", "datatype": "http://www.w3.org/2001/XMLSchema#float", "value": "265.583" }} ] } }"
DEBUG main org.apache.http.impl.conn.PoolingClientConnectionManager - Connection [id: 0][route: {}->http://dbpedia.org] can be kept alive indefinitely
DEBUG main org.apache.http.impl.conn.PoolingClientConnectionManager - Connection released: [id: 0][route: {}->http://dbpedia.org][total kept alive: 1; route allocated: 1 of 5; total allocated: 1 of 10]
DEBUG Finalizer org.apache.http.impl.conn.PoolingClientConnectionManager - Connection manager is shutting down
DEBUG Finalizer org.apache.http.impl.conn.DefaultClientConnection - Connection 0.0.0.0:62284<->194.109.129.58:80 closed
DEBUG Finalizer org.apache.http.impl.conn.DefaultClientConnection - Connection 0.0.0.0:62284<->194.109.129.58:80 closed
DEBUG Finalizer org.apache.http.impl.conn.PoolingClientConnectionManager - Connection manager shut down
DEBUG main Jena - Jena initialization
DEBUG main Jena - Jena initialization
DEBUG main org.apache.jena.util.FileManager - Add location: LocatorFile
DEBUG main org.apache.jena.util.FileManager - Add location: ClassLoaderLocator
DEBUG main org.apache.jena.util.LocationMapper - Failed to find configuration: file:location-mapping.rdf;file:location-mapping.n3;file:location-mapping.ttl;file:etc/location-mapping.rdf;file:etc/location-mapping.n3;file:etc/location-mapping.ttl
DEBUG main org.apache.jena.util.FileManager - Add location: LocatorFile
DEBUG main org.apache.jena.util.FileManager - Add location: LocatorURL
DEBUG main org.apache.jena.util.FileManager - Add location: ClassLoaderLocator
DEBUG main org.apache.jena.riot.system.stream.JenaIOEnvironment - Failed to find configuration: location-mapping.ttl;location-mapping.rdf;location-mapping.n3;etc/location-mapping.rdf;etc/location-mapping.n3;etc/location-mapping.ttl
DEBUG main org.apache.jena.riot.web.HttpOp - [1] GET http://dbpedia.org/sparql?query=PREFIX++dbo%3A++%3Chttp%3A%2F%2Fdbpedia.org%2Fontology%2F%3E%0APREFIX++rdf%3A++%3Chttp%3A%2F%2Fwww.w3.org%2F1999%2F02%2F22-rdf-syntax-ns%23%3E%0APREFIX++vrank%3A+%3Chttp%3A%2F%2Fpurl.org%2Fvoc%2Fvrank%23%3E%0A%0ASELECT++%3Fs+%3Fv%0AFROM+%3Chttp%3A%2F%2Fdbpedia.org%3E%0AFROM+%3Chttp%3A%2F%2Fpeople.aifb.kit.edu%2Fath%2F%23DBpedia_PageRank%3E%0AWHERE%0A++%7B+++%7B+%3Fs++rdf%3Atype++dbo%3APoliticalParty+%7D%0A++++UNION%0A++++++%7B+%3Fs++rdf%3Atype++dbo%3APolitician+%7D%0A++++%3Fs+vrank%3AhasRank%2Fvrank%3ArankValue+%3Fv%0A++%7D%0AORDER+BY+DESC%28%3Fv%29%0ALIMIT+++10%0A
DEBUG main org.apache.http.impl.conn.PoolingClientConnectionManager - Connection request: [route: {}->http://dbpedia.org][total kept alive: 0; route allocated: 0 of 5; total allocated: 0 of 10]
DEBUG main org.apache.http.impl.conn.PoolingClientConnectionManager - Connection leased: [id: 0][route: {}->http://dbpedia.org][total kept alive: 0; route allocated: 1 of 5; total allocated: 1 of 10]
DEBUG main org.apache.http.impl.conn.DefaultClientConnectionOperator - Connecting to dbpedia.org:80
DEBUG main org.apache.http.client.protocol.RequestAddCookies - CookieSpec selected: best-match
DEBUG main org.apache.http.client.protocol.RequestAuthCache - Auth cache not set in the context
DEBUG main org.apache.http.client.protocol.RequestTargetAuthentication - Target auth state: UNCHALLENGED
DEBUG main org.apache.http.client.protocol.RequestProxyAuthentication - Proxy auth state: UNCHALLENGED
DEBUG main org.apache.http.impl.client.SystemDefaultHttpClient - Attempt 1 to execute request
DEBUG main org.apache.http.impl.conn.DefaultClientConnection - Sending request: GET /sparql?query=PREFIX++dbo%3A++%3Chttp%3A%2F%2Fdbpedia.org%2Fontology%2F%3E%0APREFIX++rdf%3A++%3Chttp%3A%2F%2Fwww.w3.org%2F1999%2F02%2F22-rdf-syntax-ns%23%3E%0APREFIX++vrank%3A+%3Chttp%3A%2F%2Fpurl.org%2Fvoc%2Fvrank%23%3E%0A%0ASELECT++%3Fs+%3Fv%0AFROM+%3Chttp%3A%2F%2Fdbpedia.org%3E%0AFROM+%3Chttp%3A%2F%2Fpeople.aifb.kit.edu%2Fath%2F%23DBpedia_PageRank%3E%0AWHERE%0A++%7B+++%7B+%3Fs++rdf%3Atype++dbo%3APoliticalParty+%7D%0A++++UNION%0A++++++%7B+%3Fs++rdf%3Atype++dbo%3APolitician+%7D%0A++++%3Fs+vrank%3AhasRank%2Fvrank%3ArankValue+%3Fv%0A++%7D%0AORDER+BY+DESC%28%3Fv%29%0ALIMIT+++10%0A HTTP/1.1
DEBUG main org.apache.http.wire - >> "GET /sparql?query=PREFIX++dbo%3A++%3Chttp%3A%2F%2Fdbpedia.org%2Fontology%2F%3E%0APREFIX++rdf%3A++%3Chttp%3A%2F%2Fwww.w3.org%2F1999%2F02%2F22-rdf-syntax-ns%23%3E%0APREFIX++vrank%3A+%3Chttp%3A%2F%2Fpurl.org%2Fvoc%2Fvrank%23%3E%0A%0ASELECT++%3Fs+%3Fv%0AFROM+%3Chttp%3A%2F%2Fdbpedia.org%3E%0AFROM+%3Chttp%3A%2F%2Fpeople.aifb.kit.edu%2Fath%2F%23DBpedia_PageRank%3E%0AWHERE%0A++%7B+++%7B+%3Fs++rdf%3Atype++dbo%3APoliticalParty+%7D%0A++++UNION%0A++++++%7B+%3Fs++rdf%3Atype++dbo%3APolitician+%7D%0A++++%3Fs+vrank%3AhasRank%2Fvrank%3ArankValue+%3Fv%0A++%7D%0AORDER+BY+DESC%28%3Fv%29%0ALIMIT+++10%0A HTTP/1.1[\r][\n]"
DEBUG main org.apache.http.wire - >> "Accept: application/sparql-results+json, application/sparql-results+xml;q=0.9, text/tab-separated-values;q=0.7, text/csv;q=0.5, application/json;q=0.2, application/xml;q=0.2, */*;q=0.1[\r][\n]"
DEBUG main org.apache.http.wire - >> "User-Agent: Apache-Jena-ARQ/3.0.1[\r][\n]"
DEBUG main org.apache.http.wire - >> "Accept-Encoding: gzip,deflate[\r][\n]"
DEBUG main org.apache.http.wire - >> "Host: dbpedia.org[\r][\n]"
DEBUG main org.apache.http.wire - >> "Connection: Keep-Alive[\r][\n]"
DEBUG main org.apache.http.wire - >> "[\r][\n]"
DEBUG main org.apache.http.headers - >> GET /sparql?query=PREFIX++dbo%3A++%3Chttp%3A%2F%2Fdbpedia.org%2Fontology%2F%3E%0APREFIX++rdf%3A++%3Chttp%3A%2F%2Fwww.w3.org%2F1999%2F02%2F22-rdf-syntax-ns%23%3E%0APREFIX++vrank%3A+%3Chttp%3A%2F%2Fpurl.org%2Fvoc%2Fvrank%23%3E%0A%0ASELECT++%3Fs+%3Fv%0AFROM+%3Chttp%3A%2F%2Fdbpedia.org%3E%0AFROM+%3Chttp%3A%2F%2Fpeople.aifb.kit.edu%2Fath%2F%23DBpedia_PageRank%3E%0AWHERE%0A++%7B+++%7B+%3Fs++rdf%3Atype++dbo%3APoliticalParty+%7D%0A++++UNION%0A++++++%7B+%3Fs++rdf%3Atype++dbo%3APolitician+%7D%0A++++%3Fs+vrank%3AhasRank%2Fvrank%3ArankValue+%3Fv%0A++%7D%0AORDER+BY+DESC%28%3Fv%29%0ALIMIT+++10%0A HTTP/1.1
DEBUG main org.apache.http.headers - >> Accept: application/sparql-results+json, application/sparql-results+xml;q=0.9, text/tab-separated-values;q=0.7, text/csv;q=0.5, application/json;q=0.2, application/xml;q=0.2, */*;q=0.1
DEBUG main org.apache.http.headers - >> User-Agent: Apache-Jena-ARQ/3.0.1
DEBUG main org.apache.http.headers - >> Accept-Encoding: gzip,deflate
DEBUG main org.apache.http.headers - >> Host: dbpedia.org
DEBUG main org.apache.http.headers - >> Connection: Keep-Alive
DEBUG main org.apache.http.wire - << "HTTP/1.1 200 OK[\r][\n]"
DEBUG main org.apache.http.wire - << "Date: Sat, 21 Apr 2018 12:37:27 GMT[\r][\n]"
DEBUG main org.apache.http.wire - << "Content-Type: application/sparql-results+json[\r][\n]"
DEBUG main org.apache.http.wire - << "Content-Length: 2100[\r][\n]"
DEBUG main org.apache.http.wire - << "Connection: keep-alive[\r][\n]"
DEBUG main org.apache.http.wire - << "Server: Virtuoso/07.20.3228 (Linux) i686-generic-linux-glibc25-64  VDB[\r][\n]"
DEBUG main org.apache.http.wire - << "Expires: Sat, 28 Apr 2018 12:37:27 GMT[\r][\n]"
DEBUG main org.apache.http.wire - << "Cache-Control: max-age=604800[\r][\n]"
DEBUG main org.apache.http.wire - << "Access-Control-Allow-Origin: *[\r][\n]"
DEBUG main org.apache.http.wire - << "Access-Control-Allow-Credentials: true[\r][\n]"
DEBUG main org.apache.http.wire - << "Access-Control-Allow-Methods: GET, POST, OPTIONS[\r][\n]"
DEBUG main org.apache.http.wire - << "Access-Control-Allow-Headers: DNT,X-CustomHeader,Keep-Alive,User-Agent,X-Requested-With,If-Modified-Since,Cache-Control,Content-Type,Accept-Encoding[\r][\n]"
DEBUG main org.apache.http.wire - << "Accept-Ranges: bytes[\r][\n]"
DEBUG main org.apache.http.wire - << "[\r][\n]"
DEBUG main org.apache.http.impl.conn.DefaultClientConnection - Receiving response: HTTP/1.1 200 OK
DEBUG main org.apache.http.headers - << HTTP/1.1 200 OK
DEBUG main org.apache.http.headers - << Date: Sat, 21 Apr 2018 12:37:27 GMT
DEBUG main org.apache.http.headers - << Content-Type: application/sparql-results+json
DEBUG main org.apache.http.headers - << Content-Length: 2100
DEBUG main org.apache.http.headers - << Connection: keep-alive
DEBUG main org.apache.http.headers - << Server: Virtuoso/07.20.3228 (Linux) i686-generic-linux-glibc25-64  VDB
DEBUG main org.apache.http.headers - << Expires: Sat, 28 Apr 2018 12:37:27 GMT
DEBUG main org.apache.http.headers - << Cache-Control: max-age=604800
DEBUG main org.apache.http.headers - << Access-Control-Allow-Origin: *
DEBUG main org.apache.http.headers - << Access-Control-Allow-Credentials: true
DEBUG main org.apache.http.headers - << Access-Control-Allow-Methods: GET, POST, OPTIONS
DEBUG main org.apache.http.headers - << Access-Control-Allow-Headers: DNT,X-CustomHeader,Keep-Alive,User-Agent,X-Requested-With,If-Modified-Since,Cache-Control,Content-Type,Accept-Encoding
DEBUG main org.apache.http.headers - << Accept-Ranges: bytes
DEBUG main org.apache.http.impl.client.SystemDefaultHttpClient - Connection can be kept alive indefinitely
DEBUG main org.apache.http.wire - << "[\n]"
DEBUG main org.apache.http.wire - << "{ "head": { "link": [], "vars": ["s", "v"] },[\n]"
DEBUG main org.apache.http.wire - << "  "results": { "distinct": false, "ordered": true, "bindings": [[\n]"
DEBUG main org.apache.http.wire - << "    { "s": { "type": "uri", "value": "http://dbpedia.org/resource/Democratic_Party_(United_States)" }[0x9], "v": { "type": "typed-literal", "datatype": "http://www.w3.org/2001/XMLSchema#float", "value": "861.695" }},[\n]"
DEBUG main org.apache.http.wire - << "    { "s": { "type": "uri", "value": "http://dbpedia.org/resource/Republican_Party_(United_States)" }[0x9], "v": { "type": "typed-literal", "datatype": "http://www.w3.org/2001/XMLSchema#float", "value": "835.101" }},[\n]"
DEBUG main org.apache.http.wire - << "    { "s": { "type": "uri", "value": "http://dbpedia.org/resource/Barack_Obama" }[0x9], "v": { "type": "typed-literal", "datatype": "http://www.w3.org/2001/XMLSchema#float", "value": "509.522" }},[\n]"
DEBUG main org.apache.http.wire - << "    { "s": { "type": "uri", "value": "http://dbpedia.org/resource/Conservative_Party_(UK)" }[0x9], "v": { "type": "typed-literal", "datatype": "http://www.w3.org/2001/XMLSchema#float", "value": "482.647" }},[\n]"
DEBUG main org.apache.http.wire - << "    { "s": { "type": "uri", "value": "http://dbpedia.org/resource/Labour_Party_(UK)" }[0x9], "v": { "type": "typed-literal", "datatype": "http://www.w3.org/2001/XMLSchema#float", "value": "428.361" }},[\n]"
DEBUG main org.apache.http.wire - << "    { "s": { "type": "uri", "value": "http://dbpedia.org/resource/George_W._Bush" }[0x9], "v": { "type": "typed-literal", "datatype": "http://www.w3.org/2001/XMLSchema#float", "value": "413.085" }},[\n]"
DEBUG main org.apache.http.wire - << "    { "s": { "type": "uri", "value": "http://dbpedia.org/resource/NATO" }[0x9], "v": { "type": "typed-literal", "datatype": "http://www.w3.org/2001/XMLSchema#float", "value": "411.35" }},[\n]"
DEBUG main org.apache.http.wire - << "    { "s": { "type": "uri", "value": "http://dbpedia.org/resource/Bill_Clinton" }[0x9], "v": { "type": "typed-literal", "datatype": "http://www.w3.org/2001/XMLSchema#float", "value": "308.69" }},[\n]"
DEBUG main org.apache.http.wire - << "    { "s": { "type": "uri", "value": "http://dbpedia.org/resource/Ronald_Reagan" }[0x9], "v": { "type": "typed-literal", "datatype": "http://www.w3.org/2001/XMLSchema#float", "value": "290.419" }},[\n]"
DEBUG main org.apache.http.wire - << "    { "s": { "type": "uri", "value": "http://dbpedia.org/resource/Iranian_calendars" }[0x9], "v": { "type": "typed-literal", "datatype": "http://www.w3.org/2001/XMLSchema#float", "value": "265.583" }} ] } }"
DEBUG main org.apache.http.impl.conn.PoolingClientConnectionManager - Connection [id: 0][route: {}->http://dbpedia.org] can be kept alive indefinitely
DEBUG main org.apache.http.impl.conn.PoolingClientConnectionManager - Connection released: [id: 0][route: {}->http://dbpedia.org][total kept alive: 1; route allocated: 1 of 5; total allocated: 1 of 10]
DEBUG Finalizer org.apache.http.impl.conn.PoolingClientConnectionManager - Connection manager is shutting down
DEBUG Finalizer org.apache.http.impl.conn.DefaultClientConnection - Connection 0.0.0.0:62299<->194.109.129.58:80 closed
DEBUG Finalizer org.apache.http.impl.conn.DefaultClientConnection - Connection 0.0.0.0:62299<->194.109.129.58:80 closed
DEBUG Finalizer org.apache.http.impl.conn.PoolingClientConnectionManager - Connection manager shut down
DEBUG main Jena - Jena initialization
DEBUG main org.apache.jena.util.FileManager - Add location: LocatorFile
DEBUG main org.apache.jena.util.FileManager - Add location: ClassLoaderLocator
DEBUG main org.apache.jena.util.LocationMapper - Failed to find configuration: file:location-mapping.rdf;file:location-mapping.n3;file:location-mapping.ttl;file:etc/location-mapping.rdf;file:etc/location-mapping.n3;file:etc/location-mapping.ttl
DEBUG main org.apache.jena.util.FileManager - Add location: LocatorFile
DEBUG main org.apache.jena.util.FileManager - Add location: LocatorURL
DEBUG main org.apache.jena.util.FileManager - Add location: ClassLoaderLocator
DEBUG main org.apache.jena.riot.system.stream.JenaIOEnvironment - Failed to find configuration: location-mapping.ttl;location-mapping.rdf;location-mapping.n3;etc/location-mapping.rdf;etc/location-mapping.n3;etc/location-mapping.ttl
DEBUG main org.apache.jena.riot.web.HttpOp - [1] GET http://dbpedia.org/sparql?query=PREFIX++dbo%3A++%3Chttp%3A%2F%2Fdbpedia.org%2Fontology%2F%3E%0APREFIX++rdf%3A++%3Chttp%3A%2F%2Fwww.w3.org%2F1999%2F02%2F22-rdf-syntax-ns%23%3E%0APREFIX++vrank%3A+%3Chttp%3A%2F%2Fpurl.org%2Fvoc%2Fvrank%23%3E%0A%0ASELECT++%3Fs+%3Fv%0AFROM+%3Chttp%3A%2F%2Fdbpedia.org%3E%0AFROM+%3Chttp%3A%2F%2Fpeople.aifb.kit.edu%2Fath%2F%23DBpedia_PageRank%3E%0AWHERE%0A++%7B+++%7B+%3Fs++rdf%3Atype++dbo%3APoliticalParty+%7D%0A++++UNION%0A++++++%7B+%3Fs++rdf%3Atype++dbo%3APolitician+%7D%0A++++%3Fs+vrank%3AhasRank%2Fvrank%3ArankValue+%3Fv%0A++%7D%0AORDER+BY+DESC%28%3Fv%29%0ALIMIT+++10%0A
DEBUG main org.apache.http.impl.conn.PoolingClientConnectionManager - Connection request: [route: {}->http://dbpedia.org][total kept alive: 0; route allocated: 0 of 5; total allocated: 0 of 10]
DEBUG main org.apache.http.impl.conn.PoolingClientConnectionManager - Connection leased: [id: 0][route: {}->http://dbpedia.org][total kept alive: 0; route allocated: 1 of 5; total allocated: 1 of 10]
DEBUG main org.apache.http.impl.conn.DefaultClientConnectionOperator - Connecting to dbpedia.org:80
DEBUG main org.apache.http.client.protocol.RequestAddCookies - CookieSpec selected: best-match
DEBUG main org.apache.http.client.protocol.RequestAuthCache - Auth cache not set in the context
DEBUG main org.apache.http.client.protocol.RequestTargetAuthentication - Target auth state: UNCHALLENGED
DEBUG main org.apache.http.client.protocol.RequestProxyAuthentication - Proxy auth state: UNCHALLENGED
DEBUG main org.apache.http.impl.client.SystemDefaultHttpClient - Attempt 1 to execute request
DEBUG main org.apache.http.impl.conn.DefaultClientConnection - Sending request: GET /sparql?query=PREFIX++dbo%3A++%3Chttp%3A%2F%2Fdbpedia.org%2Fontology%2F%3E%0APREFIX++rdf%3A++%3Chttp%3A%2F%2Fwww.w3.org%2F1999%2F02%2F22-rdf-syntax-ns%23%3E%0APREFIX++vrank%3A+%3Chttp%3A%2F%2Fpurl.org%2Fvoc%2Fvrank%23%3E%0A%0ASELECT++%3Fs+%3Fv%0AFROM+%3Chttp%3A%2F%2Fdbpedia.org%3E%0AFROM+%3Chttp%3A%2F%2Fpeople.aifb.kit.edu%2Fath%2F%23DBpedia_PageRank%3E%0AWHERE%0A++%7B+++%7B+%3Fs++rdf%3Atype++dbo%3APoliticalParty+%7D%0A++++UNION%0A++++++%7B+%3Fs++rdf%3Atype++dbo%3APolitician+%7D%0A++++%3Fs+vrank%3AhasRank%2Fvrank%3ArankValue+%3Fv%0A++%7D%0AORDER+BY+DESC%28%3Fv%29%0ALIMIT+++10%0A HTTP/1.1
DEBUG main org.apache.http.wire - >> "GET /sparql?query=PREFIX++dbo%3A++%3Chttp%3A%2F%2Fdbpedia.org%2Fontology%2F%3E%0APREFIX++rdf%3A++%3Chttp%3A%2F%2Fwww.w3.org%2F1999%2F02%2F22-rdf-syntax-ns%23%3E%0APREFIX++vrank%3A+%3Chttp%3A%2F%2Fpurl.org%2Fvoc%2Fvrank%23%3E%0A%0ASELECT++%3Fs+%3Fv%0AFROM+%3Chttp%3A%2F%2Fdbpedia.org%3E%0AFROM+%3Chttp%3A%2F%2Fpeople.aifb.kit.edu%2Fath%2F%23DBpedia_PageRank%3E%0AWHERE%0A++%7B+++%7B+%3Fs++rdf%3Atype++dbo%3APoliticalParty+%7D%0A++++UNION%0A++++++%7B+%3Fs++rdf%3Atype++dbo%3APolitician+%7D%0A++++%3Fs+vrank%3AhasRank%2Fvrank%3ArankValue+%3Fv%0A++%7D%0AORDER+BY+DESC%28%3Fv%29%0ALIMIT+++10%0A HTTP/1.1[\r][\n]"
DEBUG main org.apache.http.wire - >> "Accept: application/sparql-results+json, application/sparql-results+xml;q=0.9, text/tab-separated-values;q=0.7, text/csv;q=0.5, application/json;q=0.2, application/xml;q=0.2, */*;q=0.1[\r][\n]"
DEBUG main org.apache.http.wire - >> "User-Agent: Apache-Jena-ARQ/3.0.1[\r][\n]"
DEBUG main org.apache.http.wire - >> "Accept-Encoding: gzip,deflate[\r][\n]"
DEBUG main org.apache.http.wire - >> "Host: dbpedia.org[\r][\n]"
DEBUG main org.apache.http.wire - >> "Connection: Keep-Alive[\r][\n]"
DEBUG main org.apache.http.wire - >> "[\r][\n]"
DEBUG main org.apache.http.headers - >> GET /sparql?query=PREFIX++dbo%3A++%3Chttp%3A%2F%2Fdbpedia.org%2Fontology%2F%3E%0APREFIX++rdf%3A++%3Chttp%3A%2F%2Fwww.w3.org%2F1999%2F02%2F22-rdf-syntax-ns%23%3E%0APREFIX++vrank%3A+%3Chttp%3A%2F%2Fpurl.org%2Fvoc%2Fvrank%23%3E%0A%0ASELECT++%3Fs+%3Fv%0AFROM+%3Chttp%3A%2F%2Fdbpedia.org%3E%0AFROM+%3Chttp%3A%2F%2Fpeople.aifb.kit.edu%2Fath%2F%23DBpedia_PageRank%3E%0AWHERE%0A++%7B+++%7B+%3Fs++rdf%3Atype++dbo%3APoliticalParty+%7D%0A++++UNION%0A++++++%7B+%3Fs++rdf%3Atype++dbo%3APolitician+%7D%0A++++%3Fs+vrank%3AhasRank%2Fvrank%3ArankValue+%3Fv%0A++%7D%0AORDER+BY+DESC%28%3Fv%29%0ALIMIT+++10%0A HTTP/1.1
DEBUG main org.apache.http.headers - >> Accept: application/sparql-results+json, application/sparql-results+xml;q=0.9, text/tab-separated-values;q=0.7, text/csv;q=0.5, application/json;q=0.2, application/xml;q=0.2, */*;q=0.1
DEBUG main org.apache.http.headers - >> User-Agent: Apache-Jena-ARQ/3.0.1
DEBUG main org.apache.http.headers - >> Accept-Encoding: gzip,deflate
DEBUG main org.apache.http.headers - >> Host: dbpedia.org
DEBUG main org.apache.http.headers - >> Connection: Keep-Alive
DEBUG main org.apache.http.wire - << "HTTP/1.1 200 OK[\r][\n]"
DEBUG main org.apache.http.wire - << "Date: Sat, 21 Apr 2018 14:21:55 GMT[\r][\n]"
DEBUG main org.apache.http.wire - << "Content-Type: application/sparql-results+json[\r][\n]"
DEBUG main org.apache.http.wire - << "Content-Length: 2100[\r][\n]"
DEBUG main org.apache.http.wire - << "Connection: keep-alive[\r][\n]"
DEBUG main org.apache.http.wire - << "Server: Virtuoso/07.20.3228 (Linux) i686-generic-linux-glibc25-64  VDB[\r][\n]"
DEBUG main org.apache.http.wire - << "Expires: Sat, 28 Apr 2018 14:21:55 GMT[\r][\n]"
DEBUG main org.apache.http.wire - << "Cache-Control: max-age=604800[\r][\n]"
DEBUG main org.apache.http.wire - << "Access-Control-Allow-Origin: *[\r][\n]"
DEBUG main org.apache.http.wire - << "Access-Control-Allow-Credentials: true[\r][\n]"
DEBUG main org.apache.http.wire - << "Access-Control-Allow-Methods: GET, POST, OPTIONS[\r][\n]"
DEBUG main org.apache.http.wire - << "Access-Control-Allow-Headers: DNT,X-CustomHeader,Keep-Alive,User-Agent,X-Requested-With,If-Modified-Since,Cache-Control,Content-Type,Accept-Encoding[\r][\n]"
DEBUG main org.apache.http.wire - << "Accept-Ranges: bytes[\r][\n]"
DEBUG main org.apache.http.wire - << "[\r][\n]"
DEBUG main org.apache.http.impl.conn.DefaultClientConnection - Receiving response: HTTP/1.1 200 OK
DEBUG main org.apache.http.headers - << HTTP/1.1 200 OK
DEBUG main org.apache.http.headers - << Date: Sat, 21 Apr 2018 14:21:55 GMT
DEBUG main org.apache.http.headers - << Content-Type: application/sparql-results+json
DEBUG main org.apache.http.headers - << Content-Length: 2100
DEBUG main org.apache.http.headers - << Connection: keep-alive
DEBUG main org.apache.http.headers - << Server: Virtuoso/07.20.3228 (Linux) i686-generic-linux-glibc25-64  VDB
DEBUG main org.apache.http.headers - << Expires: Sat, 28 Apr 2018 14:21:55 GMT
DEBUG main org.apache.http.headers - << Cache-Control: max-age=604800
DEBUG main org.apache.http.headers - << Access-Control-Allow-Origin: *
DEBUG main org.apache.http.headers - << Access-Control-Allow-Credentials: true
DEBUG main org.apache.http.headers - << Access-Control-Allow-Methods: GET, POST, OPTIONS
DEBUG main org.apache.http.headers - << Access-Control-Allow-Headers: DNT,X-CustomHeader,Keep-Alive,User-Agent,X-Requested-With,If-Modified-Since,Cache-Control,Content-Type,Accept-Encoding
DEBUG main org.apache.http.headers - << Accept-Ranges: bytes
DEBUG main org.apache.http.impl.client.SystemDefaultHttpClient - Connection can be kept alive indefinitely
DEBUG main org.apache.http.wire - << "[\n]"
DEBUG main org.apache.http.wire - << "{ "head": { "link": [], "vars": ["s", "v"] },[\n]"
DEBUG main org.apache.http.wire - << "  "results": { "distinct": false, "ordered": true, "bindings": [[\n]"
DEBUG main org.apache.http.wire - << "    { "s": { "type": "uri", "value": "http://dbpedia.org/resource/Democratic_Party_(United_States)" }[0x9], "v": { "type": "typed-literal", "datatype": "http://www.w3.org/2001/XMLSchema#float", "value": "861.695" }},[\n]"
DEBUG main org.apache.http.wire - << "    { "s": { "type": "uri", "value": "http://dbpedia.org/resource/Republican_Party_(United_States)" }[0x9], "v": { "type": "typed-literal", "datatype": "http://www.w3.org/2001/XMLSchema#float", "value": "835.101" }},[\n]"
DEBUG main org.apache.http.wire - << "    { "s": { "type": "uri", "value": "http://dbpedia.org/resource/Barack_Obama" }[0x9], "v": { "type": "typed-literal", "datatype": "http://www.w3.org/2001/XMLSchema#float", "value": "509.522" }},[\n]"
DEBUG main org.apache.http.wire - << "    { "s": { "type": "uri", "value": "http://dbpedia.org/resource/Conservative_Party_(UK)" }[0x9], "v": { "type": "typed-literal", "datatype": "http://www.w3.org/2001/XMLSchema#float", "value": "482.647" }},[\n]"
DEBUG main org.apache.http.wire - << "    { "s": { "type": "uri", "value": "http://dbpedia.org/resource/Labour_Party_(UK)" }[0x9], "v": { "type": "typed-literal", "datatype": "http://www.w3.org/2001/XMLSchema#float", "value": "428.361" }},[\n]"
DEBUG main org.apache.http.wire - << "    { "s": { "type": "uri", "value": "http://dbpedia.org/resource/George_W._Bush" }[0x9], "v": { "type": "typed-literal", "datatype": "http://www.w3.org/2001/XMLSchema#float", "value": "413.085" }},[\n]"
DEBUG main org.apache.http.wire - << "    { "s": { "type": "uri", "value": "http://dbpedia.org/resource/NATO" }[0x9], "v": { "type": "typed-literal", "datatype": "http://www.w3.org/2001/XMLSchema#float", "value": "411.35" }},[\n]"
DEBUG main org.apache.http.wire - << "    { "s": { "type": "uri", "value": "http://dbpedia.org/resource/Bill_Clinton" }[0x9], "v": { "type": "typed-literal", "datatype": "http://www.w3.org/2001/XMLSchema#float", "value": "308.69" }},[\n]"
DEBUG main org.apache.http.wire - << "    { "s": { "type": "uri", "value": "http://dbpedia.org/resource/Ronald_Reagan" }[0x9], "v": { "type": "typed-literal", "datatype": "http://www.w3.org/2001/XMLSchema#float", "value": "290.419" }},[\n]"
DEBUG main org.apache.http.wire - << "    { "s": { "type": "uri", "value": "http://dbpedia.org/resource/Iranian_calendars" }[0x9], "v": { "type": "typed-literal", "datatype": "http://www.w3.org/2001/XMLSchema#float", "value": "265.583" }} ] } }"
DEBUG main org.apache.http.impl.conn.PoolingClientConnectionManager - Connection [id: 0][route: {}->http://dbpedia.org] can be kept alive indefinitely
DEBUG main org.apache.http.impl.conn.PoolingClientConnectionManager - Connection released: [id: 0][route: {}->http://dbpedia.org][total kept alive: 1; route allocated: 1 of 5; total allocated: 1 of 10]
DEBUG Finalizer org.apache.http.impl.conn.PoolingClientConnectionManager - Connection manager is shutting down
DEBUG Finalizer org.apache.http.impl.conn.DefaultClientConnection - Connection 0.0.0.0:62408<->194.109.129.58:80 closed
DEBUG Finalizer org.apache.http.impl.conn.DefaultClientConnection - Connection 0.0.0.0:62408<->194.109.129.58:80 closed
DEBUG Finalizer org.apache.http.impl.conn.PoolingClientConnectionManager - Connection manager shut down
DEBUG main Jena - Jena initialization
DEBUG main org.apache.jena.util.FileManager - Add location: LocatorFile
DEBUG main org.apache.jena.util.FileManager - Add location: ClassLoaderLocator
DEBUG main org.apache.jena.util.LocationMapper - Failed to find configuration: file:location-mapping.rdf;file:location-mapping.n3;file:location-mapping.ttl;file:etc/location-mapping.rdf;file:etc/location-mapping.n3;file:etc/location-mapping.ttl
DEBUG main org.apache.jena.util.FileManager - Add location: LocatorFile
DEBUG main org.apache.jena.util.FileManager - Add location: LocatorURL
DEBUG main org.apache.jena.util.FileManager - Add location: ClassLoaderLocator
DEBUG main org.apache.jena.riot.system.stream.JenaIOEnvironment - Failed to find configuration: location-mapping.ttl;location-mapping.rdf;location-mapping.n3;etc/location-mapping.rdf;etc/location-mapping.n3;etc/location-mapping.ttl
DEBUG main org.apache.jena.riot.web.HttpOp - [1] GET http://dbpedia.org/sparql?query=PREFIX++dbo%3A++%3Chttp%3A%2F%2Fdbpedia.org%2Fontology%2F%3E%0APREFIX++rdf%3A++%3Chttp%3A%2F%2Fwww.w3.org%2F1999%2F02%2F22-rdf-syntax-ns%23%3E%0APREFIX++vrank%3A+%3Chttp%3A%2F%2Fpurl.org%2Fvoc%2Fvrank%23%3E%0A%0ASELECT++%3Fs+%3Fv%0AFROM+%3Chttp%3A%2F%2Fdbpedia.org%3E%0AFROM+%3Chttp%3A%2F%2Fpeople.aifb.kit.edu%2Fath%2F%23DBpedia_PageRank%3E%0AWHERE%0A++%7B+++%7B+%3Fs++rdf%3Atype++dbo%3APoliticalParty+%7D%0A++++UNION%0A++++++%7B+%3Fs++rdf%3Atype++dbo%3APolitician+%7D%0A++++%3Fs+vrank%3AhasRank%2Fvrank%3ArankValue+%3Fv%0A++%7D%0AORDER+BY+DESC%28%3Fv%29%0ALIMIT+++10%0A
DEBUG main org.apache.http.impl.conn.PoolingClientConnectionManager - Connection request: [route: {}->http://dbpedia.org][total kept alive: 0; route allocated: 0 of 5; total allocated: 0 of 10]
DEBUG main org.apache.http.impl.conn.PoolingClientConnectionManager - Connection leased: [id: 0][route: {}->http://dbpedia.org][total kept alive: 0; route allocated: 1 of 5; total allocated: 1 of 10]
DEBUG main org.apache.http.impl.conn.DefaultClientConnectionOperator - Connecting to dbpedia.org:80
DEBUG main org.apache.http.client.protocol.RequestAddCookies - CookieSpec selected: best-match
DEBUG main org.apache.http.client.protocol.RequestAuthCache - Auth cache not set in the context
DEBUG main org.apache.http.client.protocol.RequestTargetAuthentication - Target auth state: UNCHALLENGED
DEBUG main org.apache.http.client.protocol.RequestProxyAuthentication - Proxy auth state: UNCHALLENGED
DEBUG main org.apache.http.impl.client.SystemDefaultHttpClient - Attempt 1 to execute request
DEBUG main org.apache.http.impl.conn.DefaultClientConnection - Sending request: GET /sparql?query=PREFIX++dbo%3A++%3Chttp%3A%2F%2Fdbpedia.org%2Fontology%2F%3E%0APREFIX++rdf%3A++%3Chttp%3A%2F%2Fwww.w3.org%2F1999%2F02%2F22-rdf-syntax-ns%23%3E%0APREFIX++vrank%3A+%3Chttp%3A%2F%2Fpurl.org%2Fvoc%2Fvrank%23%3E%0A%0ASELECT++%3Fs+%3Fv%0AFROM+%3Chttp%3A%2F%2Fdbpedia.org%3E%0AFROM+%3Chttp%3A%2F%2Fpeople.aifb.kit.edu%2Fath%2F%23DBpedia_PageRank%3E%0AWHERE%0A++%7B+++%7B+%3Fs++rdf%3Atype++dbo%3APoliticalParty+%7D%0A++++UNION%0A++++++%7B+%3Fs++rdf%3Atype++dbo%3APolitician+%7D%0A++++%3Fs+vrank%3AhasRank%2Fvrank%3ArankValue+%3Fv%0A++%7D%0AORDER+BY+DESC%28%3Fv%29%0ALIMIT+++10%0A HTTP/1.1
DEBUG main org.apache.http.wire - >> "GET /sparql?query=PREFIX++dbo%3A++%3Chttp%3A%2F%2Fdbpedia.org%2Fontology%2F%3E%0APREFIX++rdf%3A++%3Chttp%3A%2F%2Fwww.w3.org%2F1999%2F02%2F22-rdf-syntax-ns%23%3E%0APREFIX++vrank%3A+%3Chttp%3A%2F%2Fpurl.org%2Fvoc%2Fvrank%23%3E%0A%0ASELECT++%3Fs+%3Fv%0AFROM+%3Chttp%3A%2F%2Fdbpedia.org%3E%0AFROM+%3Chttp%3A%2F%2Fpeople.aifb.kit.edu%2Fath%2F%23DBpedia_PageRank%3E%0AWHERE%0A++%7B+++%7B+%3Fs++rdf%3Atype++dbo%3APoliticalParty+%7D%0A++++UNION%0A++++++%7B+%3Fs++rdf%3Atype++dbo%3APolitician+%7D%0A++++%3Fs+vrank%3AhasRank%2Fvrank%3ArankValue+%3Fv%0A++%7D%0AORDER+BY+DESC%28%3Fv%29%0ALIMIT+++10%0A HTTP/1.1[\r][\n]"
DEBUG main org.apache.http.wire - >> "Accept: application/sparql-results+json, application/sparql-results+xml;q=0.9, text/tab-separated-values;q=0.7, text/csv;q=0.5, application/json;q=0.2, application/xml;q=0.2, */*;q=0.1[\r][\n]"
DEBUG main org.apache.http.wire - >> "User-Agent: Apache-Jena-ARQ/3.0.1[\r][\n]"
DEBUG main org.apache.http.wire - >> "Accept-Encoding: gzip,deflate[\r][\n]"
DEBUG main org.apache.http.wire - >> "Host: dbpedia.org[\r][\n]"
DEBUG main org.apache.http.wire - >> "Connection: Keep-Alive[\r][\n]"
DEBUG main org.apache.http.wire - >> "[\r][\n]"
DEBUG main org.apache.http.headers - >> GET /sparql?query=PREFIX++dbo%3A++%3Chttp%3A%2F%2Fdbpedia.org%2Fontology%2F%3E%0APREFIX++rdf%3A++%3Chttp%3A%2F%2Fwww.w3.org%2F1999%2F02%2F22-rdf-syntax-ns%23%3E%0APREFIX++vrank%3A+%3Chttp%3A%2F%2Fpurl.org%2Fvoc%2Fvrank%23%3E%0A%0ASELECT++%3Fs+%3Fv%0AFROM+%3Chttp%3A%2F%2Fdbpedia.org%3E%0AFROM+%3Chttp%3A%2F%2Fpeople.aifb.kit.edu%2Fath%2F%23DBpedia_PageRank%3E%0AWHERE%0A++%7B+++%7B+%3Fs++rdf%3Atype++dbo%3APoliticalParty+%7D%0A++++UNION%0A++++++%7B+%3Fs++rdf%3Atype++dbo%3APolitician+%7D%0A++++%3Fs+vrank%3AhasRank%2Fvrank%3ArankValue+%3Fv%0A++%7D%0AORDER+BY+DESC%28%3Fv%29%0ALIMIT+++10%0A HTTP/1.1
DEBUG main org.apache.http.headers - >> Accept: application/sparql-results+json, application/sparql-results+xml;q=0.9, text/tab-separated-values;q=0.7, text/csv;q=0.5, application/json;q=0.2, application/xml;q=0.2, */*;q=0.1
DEBUG main org.apache.http.headers - >> User-Agent: Apache-Jena-ARQ/3.0.1
DEBUG main org.apache.http.headers - >> Accept-Encoding: gzip,deflate
DEBUG main org.apache.http.headers - >> Host: dbpedia.org
DEBUG main org.apache.http.headers - >> Connection: Keep-Alive
DEBUG main org.apache.http.wire - << "HTTP/1.1 200 OK[\r][\n]"
DEBUG main org.apache.http.wire - << "Date: Sat, 21 Apr 2018 14:42:44 GMT[\r][\n]"
DEBUG main org.apache.http.wire - << "Content-Type: application/sparql-results+json[\r][\n]"
DEBUG main org.apache.http.wire - << "Content-Length: 2100[\r][\n]"
DEBUG main org.apache.http.wire - << "Connection: keep-alive[\r][\n]"
DEBUG main org.apache.http.wire - << "Server: Virtuoso/07.20.3228 (Linux) i686-generic-linux-glibc25-64  VDB[\r][\n]"
DEBUG main org.apache.http.wire - << "Expires: Sat, 28 Apr 2018 14:42:44 GMT[\r][\n]"
DEBUG main org.apache.http.wire - << "Cache-Control: max-age=604800[\r][\n]"
DEBUG main org.apache.http.wire - << "Access-Control-Allow-Origin: *[\r][\n]"
DEBUG main org.apache.http.wire - << "Access-Control-Allow-Credentials: true[\r][\n]"
DEBUG main org.apache.http.wire - << "Access-Control-Allow-Methods: GET, POST, OPTIONS[\r][\n]"
DEBUG main org.apache.http.wire - << "Access-Control-Allow-Headers: DNT,X-CustomHeader,Keep-Alive,User-Agent,X-Requested-With,If-Modified-Since,Cache-Control,Content-Type,Accept-Encoding[\r][\n]"
DEBUG main org.apache.http.wire - << "Accept-Ranges: bytes[\r][\n]"
DEBUG main org.apache.http.wire - << "[\r][\n]"
DEBUG main org.apache.http.impl.conn.DefaultClientConnection - Receiving response: HTTP/1.1 200 OK
DEBUG main org.apache.http.headers - << HTTP/1.1 200 OK
DEBUG main org.apache.http.headers - << Date: Sat, 21 Apr 2018 14:42:44 GMT
DEBUG main org.apache.http.headers - << Content-Type: application/sparql-results+json
DEBUG main org.apache.http.headers - << Content-Length: 2100
DEBUG main org.apache.http.headers - << Connection: keep-alive
DEBUG main org.apache.http.headers - << Server: Virtuoso/07.20.3228 (Linux) i686-generic-linux-glibc25-64  VDB
DEBUG main org.apache.http.headers - << Expires: Sat, 28 Apr 2018 14:42:44 GMT
DEBUG main org.apache.http.headers - << Cache-Control: max-age=604800
DEBUG main org.apache.http.headers - << Access-Control-Allow-Origin: *
DEBUG main org.apache.http.headers - << Access-Control-Allow-Credentials: true
DEBUG main org.apache.http.headers - << Access-Control-Allow-Methods: GET, POST, OPTIONS
DEBUG main org.apache.http.headers - << Access-Control-Allow-Headers: DNT,X-CustomHeader,Keep-Alive,User-Agent,X-Requested-With,If-Modified-Since,Cache-Control,Content-Type,Accept-Encoding
DEBUG main org.apache.http.headers - << Accept-Ranges: bytes
DEBUG main org.apache.http.impl.client.SystemDefaultHttpClient - Connection can be kept alive indefinitely
DEBUG main org.apache.http.wire - << "[\n]"
DEBUG main org.apache.http.wire - << "{ "head": { "link": [], "vars": ["s", "v"] },[\n]"
DEBUG main org.apache.http.wire - << "  "results": { "distinct": false, "ordered": true, "bindings": [[\n]"
DEBUG main org.apache.http.wire - << "    { "s": { "type": "uri", "value": "http://dbpedia.org/resource/Democratic_Party_(United_States)" }[0x9], "v": { "type": "typed-literal", "datatype": "http://www.w3.org/2001/XMLSchema#float", "value": "861.695" }},[\n]"
DEBUG main org.apache.http.wire - << "    { "s": { "type": "uri", "value": "http://dbpedia.org/resource/Republican_Party_(United_States)" }[0x9], "v": { "type": "typed-literal", "datatype": "http://www.w3.org/2001/XMLSchema#float", "value": "835.101" }},[\n]"
DEBUG main org.apache.http.wire - << "    { "s": { "type": "uri", "value": "http://dbpedia.org/resource/Barack_Obama" }[0x9], "v": { "type": "typed-literal", "datatype": "http://www.w3.org/2001/XMLSchema#float", "value": "509.522" }},[\n]"
DEBUG main org.apache.http.wire - << "    { "s": { "type": "uri", "value": "http://dbpedia.org/resource/Conservative_Party_(UK)" }[0x9], "v": { "type": "typed-literal", "datatype": "http://www.w3.org/2001/XMLSchema#float", "value": "482.647" }},[\n]"
DEBUG main org.apache.http.wire - << "    { "s": { "type": "uri", "value": "http://dbpedia.org/resource/Labour_Party_(UK)" }[0x9], "v": { "type": "typed-literal", "datatype": "http://www.w3.org/2001/XMLSchema#float", "value": "428.361" }},[\n]"
DEBUG main org.apache.http.wire - << "    { "s": { "type": "uri", "value": "http://dbpedia.org/resource/George_W._Bush" }[0x9], "v": { "type": "typed-literal", "datatype": "http://www.w3.org/2001/XMLSchema#float", "value": "413.085" }},[\n]"
DEBUG main org.apache.http.wire - << "    { "s": { "type": "uri", "value": "http://dbpedia.org/resource/NATO" }[0x9], "v": { "type": "typed-literal", "datatype": "http://www.w3.org/2001/XMLSchema#float", "value": "411.35" }},[\n]"
DEBUG main org.apache.http.wire - << "    { "s": { "type": "uri", "value": "http://dbpedia.org/resource/Bill_Clinton" }[0x9], "v": { "type": "typed-literal", "datatype": "http://www.w3.org/2001/XMLSchema#float", "value": "308.69" }},[\n]"
DEBUG main org.apache.http.wire - << "    { "s": { "type": "uri", "value": "http://dbpedia.org/resource/Ronald_Reagan" }[0x9], "v": { "type": "typed-literal", "datatype": "http://www.w3.org/2001/XMLSchema#float", "value": "290.419" }},[\n]"
DEBUG main org.apache.http.wire - << "    { "s": { "type": "uri", "value": "http://dbpedia.org/resource/Iranian_calendars" }[0x9], "v": { "type": "typed-literal", "datatype": "http://www.w3.org/2001/XMLSchema#float", "value": "265.583" }} ] } }"
DEBUG main org.apache.http.impl.conn.PoolingClientConnectionManager - Connection [id: 0][route: {}->http://dbpedia.org] can be kept alive indefinitely
DEBUG main org.apache.http.impl.conn.PoolingClientConnectionManager - Connection released: [id: 0][route: {}->http://dbpedia.org][total kept alive: 1; route allocated: 1 of 5; total allocated: 1 of 10]
DEBUG Finalizer org.apache.http.impl.conn.PoolingClientConnectionManager - Connection manager is shutting down
DEBUG Finalizer org.apache.http.impl.conn.DefaultClientConnection - Connection 0.0.0.0:62436<->194.109.129.58:80 closed
DEBUG Finalizer org.apache.http.impl.conn.DefaultClientConnection - Connection 0.0.0.0:62436<->194.109.129.58:80 closed
DEBUG Finalizer org.apache.http.impl.conn.PoolingClientConnectionManager - Connection manager shut down
DEBUG main Jena - Jena initialization
DEBUG main org.apache.jena.util.FileManager - Add location: LocatorFile
DEBUG main org.apache.jena.util.FileManager - Add location: ClassLoaderLocator
DEBUG main org.apache.jena.util.LocationMapper - Failed to find configuration: file:location-mapping.rdf;file:location-mapping.n3;file:location-mapping.ttl;file:etc/location-mapping.rdf;file:etc/location-mapping.n3;file:etc/location-mapping.ttl
DEBUG main org.apache.jena.util.FileManager - Add location: LocatorFile
DEBUG main org.apache.jena.util.FileManager - Add location: LocatorURL
DEBUG main org.apache.jena.util.FileManager - Add location: ClassLoaderLocator
DEBUG main org.apache.jena.riot.system.stream.JenaIOEnvironment - Failed to find configuration: location-mapping.ttl;location-mapping.rdf;location-mapping.n3;etc/location-mapping.rdf;etc/location-mapping.n3;etc/location-mapping.ttl
DEBUG main org.apache.jena.riot.web.HttpOp - [1] GET http://dbpedia.org/sparql?query=PREFIX++dbo%3A++%3Chttp%3A%2F%2Fdbpedia.org%2Fontology%2F%3E%0APREFIX++rdf%3A++%3Chttp%3A%2F%2Fwww.w3.org%2F1999%2F02%2F22-rdf-syntax-ns%23%3E%0APREFIX++vrank%3A+%3Chttp%3A%2F%2Fpurl.org%2Fvoc%2Fvrank%23%3E%0A%0ASELECT++%3Fs+%3Fv%0AFROM+%3Chttp%3A%2F%2Fdbpedia.org%3E%0AFROM+%3Chttp%3A%2F%2Fpeople.aifb.kit.edu%2Fath%2F%23DBpedia_PageRank%3E%0AWHERE%0A++%7B+++%7B+%3Fs++rdf%3Atype++dbo%3APoliticalParty+%7D%0A++++UNION%0A++++++%7B+%3Fs++rdf%3Atype++dbo%3APolitician+%7D%0A++++%3Fs+vrank%3AhasRank%2Fvrank%3ArankValue+%3Fv%0A++%7D%0AORDER+BY+DESC%28%3Fv%29%0ALIMIT+++10%0A
DEBUG main org.apache.http.impl.conn.PoolingClientConnectionManager - Connection request: [route: {}->http://dbpedia.org][total kept alive: 0; route allocated: 0 of 5; total allocated: 0 of 10]
DEBUG main org.apache.http.impl.conn.PoolingClientConnectionManager - Connection leased: [id: 0][route: {}->http://dbpedia.org][total kept alive: 0; route allocated: 1 of 5; total allocated: 1 of 10]
DEBUG main org.apache.http.impl.conn.DefaultClientConnectionOperator - Connecting to dbpedia.org:80
DEBUG main org.apache.http.client.protocol.RequestAddCookies - CookieSpec selected: best-match
DEBUG main org.apache.http.client.protocol.RequestAuthCache - Auth cache not set in the context
DEBUG main org.apache.http.client.protocol.RequestTargetAuthentication - Target auth state: UNCHALLENGED
DEBUG main org.apache.http.client.protocol.RequestProxyAuthentication - Proxy auth state: UNCHALLENGED
DEBUG main org.apache.http.impl.client.SystemDefaultHttpClient - Attempt 1 to execute request
DEBUG main org.apache.http.impl.conn.DefaultClientConnection - Sending request: GET /sparql?query=PREFIX++dbo%3A++%3Chttp%3A%2F%2Fdbpedia.org%2Fontology%2F%3E%0APREFIX++rdf%3A++%3Chttp%3A%2F%2Fwww.w3.org%2F1999%2F02%2F22-rdf-syntax-ns%23%3E%0APREFIX++vrank%3A+%3Chttp%3A%2F%2Fpurl.org%2Fvoc%2Fvrank%23%3E%0A%0ASELECT++%3Fs+%3Fv%0AFROM+%3Chttp%3A%2F%2Fdbpedia.org%3E%0AFROM+%3Chttp%3A%2F%2Fpeople.aifb.kit.edu%2Fath%2F%23DBpedia_PageRank%3E%0AWHERE%0A++%7B+++%7B+%3Fs++rdf%3Atype++dbo%3APoliticalParty+%7D%0A++++UNION%0A++++++%7B+%3Fs++rdf%3Atype++dbo%3APolitician+%7D%0A++++%3Fs+vrank%3AhasRank%2Fvrank%3ArankValue+%3Fv%0A++%7D%0AORDER+BY+DESC%28%3Fv%29%0ALIMIT+++10%0A HTTP/1.1
DEBUG main org.apache.http.wire - >> "GET /sparql?query=PREFIX++dbo%3A++%3Chttp%3A%2F%2Fdbpedia.org%2Fontology%2F%3E%0APREFIX++rdf%3A++%3Chttp%3A%2F%2Fwww.w3.org%2F1999%2F02%2F22-rdf-syntax-ns%23%3E%0APREFIX++vrank%3A+%3Chttp%3A%2F%2Fpurl.org%2Fvoc%2Fvrank%23%3E%0A%0ASELECT++%3Fs+%3Fv%0AFROM+%3Chttp%3A%2F%2Fdbpedia.org%3E%0AFROM+%3Chttp%3A%2F%2Fpeople.aifb.kit.edu%2Fath%2F%23DBpedia_PageRank%3E%0AWHERE%0A++%7B+++%7B+%3Fs++rdf%3Atype++dbo%3APoliticalParty+%7D%0A++++UNION%0A++++++%7B+%3Fs++rdf%3Atype++dbo%3APolitician+%7D%0A++++%3Fs+vrank%3AhasRank%2Fvrank%3ArankValue+%3Fv%0A++%7D%0AORDER+BY+DESC%28%3Fv%29%0ALIMIT+++10%0A HTTP/1.1[\r][\n]"
DEBUG main org.apache.http.wire - >> "Accept: application/sparql-results+json, application/sparql-results+xml;q=0.9, text/tab-separated-values;q=0.7, text/csv;q=0.5, application/json;q=0.2, application/xml;q=0.2, */*;q=0.1[\r][\n]"
DEBUG main org.apache.http.wire - >> "User-Agent: Apache-Jena-ARQ/3.0.1[\r][\n]"
DEBUG main org.apache.http.wire - >> "Accept-Encoding: gzip,deflate[\r][\n]"
DEBUG main org.apache.http.wire - >> "Host: dbpedia.org[\r][\n]"
DEBUG main org.apache.http.wire - >> "Connection: Keep-Alive[\r][\n]"
DEBUG main org.apache.http.wire - >> "[\r][\n]"
DEBUG main org.apache.http.headers - >> GET /sparql?query=PREFIX++dbo%3A++%3Chttp%3A%2F%2Fdbpedia.org%2Fontology%2F%3E%0APREFIX++rdf%3A++%3Chttp%3A%2F%2Fwww.w3.org%2F1999%2F02%2F22-rdf-syntax-ns%23%3E%0APREFIX++vrank%3A+%3Chttp%3A%2F%2Fpurl.org%2Fvoc%2Fvrank%23%3E%0A%0ASELECT++%3Fs+%3Fv%0AFROM+%3Chttp%3A%2F%2Fdbpedia.org%3E%0AFROM+%3Chttp%3A%2F%2Fpeople.aifb.kit.edu%2Fath%2F%23DBpedia_PageRank%3E%0AWHERE%0A++%7B+++%7B+%3Fs++rdf%3Atype++dbo%3APoliticalParty+%7D%0A++++UNION%0A++++++%7B+%3Fs++rdf%3Atype++dbo%3APolitician+%7D%0A++++%3Fs+vrank%3AhasRank%2Fvrank%3ArankValue+%3Fv%0A++%7D%0AORDER+BY+DESC%28%3Fv%29%0ALIMIT+++10%0A HTTP/1.1
DEBUG main org.apache.http.headers - >> Accept: application/sparql-results+json, application/sparql-results+xml;q=0.9, text/tab-separated-values;q=0.7, text/csv;q=0.5, application/json;q=0.2, application/xml;q=0.2, */*;q=0.1
DEBUG main org.apache.http.headers - >> User-Agent: Apache-Jena-ARQ/3.0.1
DEBUG main org.apache.http.headers - >> Accept-Encoding: gzip,deflate
DEBUG main org.apache.http.headers - >> Host: dbpedia.org
DEBUG main org.apache.http.headers - >> Connection: Keep-Alive
DEBUG main org.apache.http.wire - << "HTTP/1.1 200 OK[\r][\n]"
DEBUG main org.apache.http.wire - << "Date: Sat, 21 Apr 2018 14:48:39 GMT[\r][\n]"
DEBUG main org.apache.http.wire - << "Content-Type: application/sparql-results+json[\r][\n]"
DEBUG main org.apache.http.wire - << "Content-Length: 2100[\r][\n]"
DEBUG main org.apache.http.wire - << "Connection: keep-alive[\r][\n]"
DEBUG main org.apache.http.wire - << "Server: Virtuoso/07.20.3228 (Linux) i686-generic-linux-glibc25-64  VDB[\r][\n]"
DEBUG main org.apache.http.wire - << "Expires: Sat, 28 Apr 2018 14:48:39 GMT[\r][\n]"
DEBUG main org.apache.http.wire - << "Cache-Control: max-age=604800[\r][\n]"
DEBUG main org.apache.http.wire - << "Access-Control-Allow-Origin: *[\r][\n]"
DEBUG main org.apache.http.wire - << "Access-Control-Allow-Credentials: true[\r][\n]"
DEBUG main org.apache.http.wire - << "Access-Control-Allow-Methods: GET, POST, OPTIONS[\r][\n]"
DEBUG main org.apache.http.wire - << "Access-Control-Allow-Headers: DNT,X-CustomHeader,Keep-Alive,User-Agent,X-Requested-With,If-Modified-Since,Cache-Control,Content-Type,Accept-Encoding[\r][\n]"
DEBUG main org.apache.http.wire - << "Accept-Ranges: bytes[\r][\n]"
DEBUG main org.apache.http.wire - << "[\r][\n]"
DEBUG main org.apache.http.impl.conn.DefaultClientConnection - Receiving response: HTTP/1.1 200 OK
DEBUG main org.apache.http.headers - << HTTP/1.1 200 OK
DEBUG main org.apache.http.headers - << Date: Sat, 21 Apr 2018 14:48:39 GMT
DEBUG main org.apache.http.headers - << Content-Type: application/sparql-results+json
DEBUG main org.apache.http.headers - << Content-Length: 2100
DEBUG main org.apache.http.headers - << Connection: keep-alive
DEBUG main org.apache.http.headers - << Server: Virtuoso/07.20.3228 (Linux) i686-generic-linux-glibc25-64  VDB
DEBUG main org.apache.http.headers - << Expires: Sat, 28 Apr 2018 14:48:39 GMT
DEBUG main org.apache.http.headers - << Cache-Control: max-age=604800
DEBUG main org.apache.http.headers - << Access-Control-Allow-Origin: *
DEBUG main org.apache.http.headers - << Access-Control-Allow-Credentials: true
DEBUG main org.apache.http.headers - << Access-Control-Allow-Methods: GET, POST, OPTIONS
DEBUG main org.apache.http.headers - << Access-Control-Allow-Headers: DNT,X-CustomHeader,Keep-Alive,User-Agent,X-Requested-With,If-Modified-Since,Cache-Control,Content-Type,Accept-Encoding
DEBUG main org.apache.http.headers - << Accept-Ranges: bytes
DEBUG main org.apache.http.impl.client.SystemDefaultHttpClient - Connection can be kept alive indefinitely
DEBUG main org.apache.http.wire - << "[\n]"
DEBUG main org.apache.http.wire - << "{ "head": { "link": [], "vars": ["s", "v"] },[\n]"
DEBUG main org.apache.http.wire - << "  "results": { "distinct": false, "ordered": true, "bindings": [[\n]"
DEBUG main org.apache.http.wire - << "    { "s": { "type": "uri", "value": "http://dbpedia.org/resource/Democratic_Party_(United_States)" }[0x9], "v": { "type": "typed-literal", "datatype": "http://www.w3.org/2001/XMLSchema#float", "value": "861.695" }},[\n]"
DEBUG main org.apache.http.wire - << "    { "s": { "type": "uri", "value": "http://dbpedia.org/resource/Republican_Party_(United_States)" }[0x9], "v": { "type": "typed-literal", "datatype": "http://www.w3.org/2001/XMLSchema#float", "value": "835.101" }},[\n]"
DEBUG main org.apache.http.wire - << "    { "s": { "type": "uri", "value": "http://dbpedia.org/resource/Barack_Obama" }[0x9], "v": { "type": "typed-literal", "datatype": "http://www.w3.org/2001/XMLSchema#float", "value": "509.522" }},[\n]"
DEBUG main org.apache.http.wire - << "    { "s": { "type": "uri", "value": "http://dbpedia.org/resource/Conservative_Party_(UK)" }[0x9], "v": { "type": "typed-literal", "datatype": "http://www.w3.org/2001/XMLSchema#float", "value": "482.647" }},[\n]"
DEBUG main org.apache.http.wire - << "    { "s": { "type": "uri", "value": "http://dbpedia.org/resource/Labour_Party_(UK)" }[0x9], "v": { "type": "typed-literal", "datatype": "http://www.w3.org/2001/XMLSchema#float", "value": "428.361" }},[\n]"
DEBUG main org.apache.http.wire - << "    { "s": { "type": "uri", "value": "http://dbpedia.org/resource/George_W._Bush" }[0x9], "v": { "type": "typed-literal", "datatype": "http://www.w3.org/2001/XMLSchema#float", "value": "413.085" }},[\n]"
DEBUG main org.apache.http.wire - << "    { "s": { "type": "uri", "value": "http://dbpedia.org/resource/NATO" }[0x9], "v": { "type": "typed-literal", "datatype": "http://www.w3.org/2001/XMLSchema#float", "value": "411.35" }},[\n]"
DEBUG main org.apache.http.wire - << "    { "s": { "type": "uri", "value": "http://dbpedia.org/resource/Bill_Clinton" }[0x9], "v": { "type": "typed-literal", "datatype": "http://www.w3.org/2001/XMLSchema#float", "value": "308.69" }},[\n]"
DEBUG main org.apache.http.wire - << "    { "s": { "type": "uri", "value": "http://dbpedia.org/resource/Ronald_Reagan" }[0x9], "v": { "type": "typed-literal", "datatype": "http://www.w3.org/2001/XMLSchema#float", "value": "290.419" }},[\n]"
DEBUG main org.apache.http.wire - << "    { "s": { "type": "uri", "value": "http://dbpedia.org/resource/Iranian_calendars" }[0x9], "v": { "type": "typed-literal", "datatype": "http://www.w3.org/2001/XMLSchema#float", "value": "265.583" }} ] } }"
DEBUG main org.apache.http.impl.conn.PoolingClientConnectionManager - Connection [id: 0][route: {}->http://dbpedia.org] can be kept alive indefinitely
DEBUG main org.apache.http.impl.conn.PoolingClientConnectionManager - Connection released: [id: 0][route: {}->http://dbpedia.org][total kept alive: 1; route allocated: 1 of 5; total allocated: 1 of 10]
DEBUG Finalizer org.apache.http.impl.conn.PoolingClientConnectionManager - Connection manager is shutting down
DEBUG Finalizer org.apache.http.impl.conn.DefaultClientConnection - Connection 0.0.0.0:62456<->194.109.129.58:80 closed
DEBUG Finalizer org.apache.http.impl.conn.DefaultClientConnection - Connection 0.0.0.0:62456<->194.109.129.58:80 closed
DEBUG Finalizer org.apache.http.impl.conn.PoolingClientConnectionManager - Connection manager shut down
DEBUG main Jena - Jena initialization
DEBUG main org.apache.jena.util.FileManager - Add location: LocatorFile
DEBUG main org.apache.jena.util.FileManager - Add location: ClassLoaderLocator
DEBUG main org.apache.jena.util.LocationMapper - Failed to find configuration: file:location-mapping.rdf;file:location-mapping.n3;file:location-mapping.ttl;file:etc/location-mapping.rdf;file:etc/location-mapping.n3;file:etc/location-mapping.ttl
DEBUG main org.apache.jena.util.FileManager - Add location: LocatorFile
DEBUG main org.apache.jena.util.FileManager - Add location: LocatorURL
DEBUG main org.apache.jena.util.FileManager - Add location: ClassLoaderLocator
DEBUG main org.apache.jena.riot.system.stream.JenaIOEnvironment - Failed to find configuration: location-mapping.ttl;location-mapping.rdf;location-mapping.n3;etc/location-mapping.rdf;etc/location-mapping.n3;etc/location-mapping.ttl
DEBUG main org.apache.jena.riot.web.HttpOp - [1] GET http://dbpedia.org/sparql?query=PREFIX++dbo%3A++%3Chttp%3A%2F%2Fdbpedia.org%2Fontology%2F%3E%0APREFIX++rdf%3A++%3Chttp%3A%2F%2Fwww.w3.org%2F1999%2F02%2F22-rdf-syntax-ns%23%3E%0APREFIX++vrank%3A+%3Chttp%3A%2F%2Fpurl.org%2Fvoc%2Fvrank%23%3E%0A%0ASELECT++%3Fs+%3Fv%0AFROM+%3Chttp%3A%2F%2Fdbpedia.org%3E%0AFROM+%3Chttp%3A%2F%2Fpeople.aifb.kit.edu%2Fath%2F%23DBpedia_PageRank%3E%0AWHERE%0A++%7B+++%7B+%3Fs++rdf%3Atype++dbo%3APoliticalParty+%7D%0A++++UNION%0A++++++%7B+%3Fs++rdf%3Atype++dbo%3APolitician+%7D%0A++++%3Fs+vrank%3AhasRank%2Fvrank%3ArankValue+%3Fv%0A++%7D%0AORDER+BY+DESC%28%3Fv%29%0ALIMIT+++10%0A
DEBUG main org.apache.http.impl.conn.PoolingClientConnectionManager - Connection request: [route: {}->http://dbpedia.org][total kept alive: 0; route allocated: 0 of 5; total allocated: 0 of 10]
DEBUG main org.apache.http.impl.conn.PoolingClientConnectionManager - Connection leased: [id: 0][route: {}->http://dbpedia.org][total kept alive: 0; route allocated: 1 of 5; total allocated: 1 of 10]
DEBUG main org.apache.http.impl.conn.DefaultClientConnectionOperator - Connecting to dbpedia.org:80
DEBUG main org.apache.http.client.protocol.RequestAddCookies - CookieSpec selected: best-match
DEBUG main org.apache.http.client.protocol.RequestAuthCache - Auth cache not set in the context
DEBUG main org.apache.http.client.protocol.RequestTargetAuthentication - Target auth state: UNCHALLENGED
DEBUG main org.apache.http.client.protocol.RequestProxyAuthentication - Proxy auth state: UNCHALLENGED
DEBUG main org.apache.http.impl.client.SystemDefaultHttpClient - Attempt 1 to execute request
DEBUG main org.apache.http.impl.conn.DefaultClientConnection - Sending request: GET /sparql?query=PREFIX++dbo%3A++%3Chttp%3A%2F%2Fdbpedia.org%2Fontology%2F%3E%0APREFIX++rdf%3A++%3Chttp%3A%2F%2Fwww.w3.org%2F1999%2F02%2F22-rdf-syntax-ns%23%3E%0APREFIX++vrank%3A+%3Chttp%3A%2F%2Fpurl.org%2Fvoc%2Fvrank%23%3E%0A%0ASELECT++%3Fs+%3Fv%0AFROM+%3Chttp%3A%2F%2Fdbpedia.org%3E%0AFROM+%3Chttp%3A%2F%2Fpeople.aifb.kit.edu%2Fath%2F%23DBpedia_PageRank%3E%0AWHERE%0A++%7B+++%7B+%3Fs++rdf%3Atype++dbo%3APoliticalParty+%7D%0A++++UNION%0A++++++%7B+%3Fs++rdf%3Atype++dbo%3APolitician+%7D%0A++++%3Fs+vrank%3AhasRank%2Fvrank%3ArankValue+%3Fv%0A++%7D%0AORDER+BY+DESC%28%3Fv%29%0ALIMIT+++10%0A HTTP/1.1
DEBUG main org.apache.http.wire - >> "GET /sparql?query=PREFIX++dbo%3A++%3Chttp%3A%2F%2Fdbpedia.org%2Fontology%2F%3E%0APREFIX++rdf%3A++%3Chttp%3A%2F%2Fwww.w3.org%2F1999%2F02%2F22-rdf-syntax-ns%23%3E%0APREFIX++vrank%3A+%3Chttp%3A%2F%2Fpurl.org%2Fvoc%2Fvrank%23%3E%0A%0ASELECT++%3Fs+%3Fv%0AFROM+%3Chttp%3A%2F%2Fdbpedia.org%3E%0AFROM+%3Chttp%3A%2F%2Fpeople.aifb.kit.edu%2Fath%2F%23DBpedia_PageRank%3E%0AWHERE%0A++%7B+++%7B+%3Fs++rdf%3Atype++dbo%3APoliticalParty+%7D%0A++++UNION%0A++++++%7B+%3Fs++rdf%3Atype++dbo%3APolitician+%7D%0A++++%3Fs+vrank%3AhasRank%2Fvrank%3ArankValue+%3Fv%0A++%7D%0AORDER+BY+DESC%28%3Fv%29%0ALIMIT+++10%0A HTTP/1.1[\r][\n]"
DEBUG main org.apache.http.wire - >> "Accept: application/sparql-results+json, application/sparql-results+xml;q=0.9, text/tab-separated-values;q=0.7, text/csv;q=0.5, application/json;q=0.2, application/xml;q=0.2, */*;q=0.1[\r][\n]"
DEBUG main org.apache.http.wire - >> "User-Agent: Apache-Jena-ARQ/3.0.1[\r][\n]"
DEBUG main org.apache.http.wire - >> "Accept-Encoding: gzip,deflate[\r][\n]"
DEBUG main org.apache.http.wire - >> "Host: dbpedia.org[\r][\n]"
DEBUG main org.apache.http.wire - >> "Connection: Keep-Alive[\r][\n]"
DEBUG main org.apache.http.wire - >> "[\r][\n]"
DEBUG main org.apache.http.headers - >> GET /sparql?query=PREFIX++dbo%3A++%3Chttp%3A%2F%2Fdbpedia.org%2Fontology%2F%3E%0APREFIX++rdf%3A++%3Chttp%3A%2F%2Fwww.w3.org%2F1999%2F02%2F22-rdf-syntax-ns%23%3E%0APREFIX++vrank%3A+%3Chttp%3A%2F%2Fpurl.org%2Fvoc%2Fvrank%23%3E%0A%0ASELECT++%3Fs+%3Fv%0AFROM+%3Chttp%3A%2F%2Fdbpedia.org%3E%0AFROM+%3Chttp%3A%2F%2Fpeople.aifb.kit.edu%2Fath%2F%23DBpedia_PageRank%3E%0AWHERE%0A++%7B+++%7B+%3Fs++rdf%3Atype++dbo%3APoliticalParty+%7D%0A++++UNION%0A++++++%7B+%3Fs++rdf%3Atype++dbo%3APolitician+%7D%0A++++%3Fs+vrank%3AhasRank%2Fvrank%3ArankValue+%3Fv%0A++%7D%0AORDER+BY+DESC%28%3Fv%29%0ALIMIT+++10%0A HTTP/1.1
DEBUG main org.apache.http.headers - >> Accept: application/sparql-results+json, application/sparql-results+xml;q=0.9, text/tab-separated-values;q=0.7, text/csv;q=0.5, application/json;q=0.2, application/xml;q=0.2, */*;q=0.1
DEBUG main org.apache.http.headers - >> User-Agent: Apache-Jena-ARQ/3.0.1
DEBUG main org.apache.http.headers - >> Accept-Encoding: gzip,deflate
DEBUG main org.apache.http.headers - >> Host: dbpedia.org
DEBUG main org.apache.http.headers - >> Connection: Keep-Alive
DEBUG main org.apache.http.wire - << "HTTP/1.1 200 OK[\r][\n]"
DEBUG main org.apache.http.wire - << "Date: Sat, 21 Apr 2018 15:05:06 GMT[\r][\n]"
DEBUG main org.apache.http.wire - << "Content-Type: application/sparql-results+json[\r][\n]"
DEBUG main org.apache.http.wire - << "Content-Length: 2100[\r][\n]"
DEBUG main org.apache.http.wire - << "Connection: keep-alive[\r][\n]"
DEBUG main org.apache.http.wire - << "Server: Virtuoso/07.20.3228 (Linux) i686-generic-linux-glibc25-64  VDB[\r][\n]"
DEBUG main org.apache.http.wire - << "Expires: Sat, 28 Apr 2018 15:05:06 GMT[\r][\n]"
DEBUG main org.apache.http.wire - << "Cache-Control: max-age=604800[\r][\n]"
DEBUG main org.apache.http.wire - << "Access-Control-Allow-Origin: *[\r][\n]"
DEBUG main org.apache.http.wire - << "Access-Control-Allow-Credentials: true[\r][\n]"
DEBUG main org.apache.http.wire - << "Access-Control-Allow-Methods: GET, POST, OPTIONS[\r][\n]"
DEBUG main org.apache.http.wire - << "Access-Control-Allow-Headers: DNT,X-CustomHeader,Keep-Alive,User-Agent,X-Requested-With,If-Modified-Since,Cache-Control,Content-Type,Accept-Encoding[\r][\n]"
DEBUG main org.apache.http.wire - << "Accept-Ranges: bytes[\r][\n]"
DEBUG main org.apache.http.wire - << "[\r][\n]"
DEBUG main org.apache.http.impl.conn.DefaultClientConnection - Receiving response: HTTP/1.1 200 OK
DEBUG main org.apache.http.headers - << HTTP/1.1 200 OK
DEBUG main org.apache.http.headers - << Date: Sat, 21 Apr 2018 15:05:06 GMT
DEBUG main org.apache.http.headers - << Content-Type: application/sparql-results+json
DEBUG main org.apache.http.headers - << Content-Length: 2100
DEBUG main org.apache.http.headers - << Connection: keep-alive
DEBUG main org.apache.http.headers - << Server: Virtuoso/07.20.3228 (Linux) i686-generic-linux-glibc25-64  VDB
DEBUG main org.apache.http.headers - << Expires: Sat, 28 Apr 2018 15:05:06 GMT
DEBUG main org.apache.http.headers - << Cache-Control: max-age=604800
DEBUG main org.apache.http.headers - << Access-Control-Allow-Origin: *
DEBUG main org.apache.http.headers - << Access-Control-Allow-Credentials: true
DEBUG main org.apache.http.headers - << Access-Control-Allow-Methods: GET, POST, OPTIONS
DEBUG main org.apache.http.headers - << Access-Control-Allow-Headers: DNT,X-CustomHeader,Keep-Alive,User-Agent,X-Requested-With,If-Modified-Since,Cache-Control,Content-Type,Accept-Encoding
DEBUG main org.apache.http.headers - << Accept-Ranges: bytes
DEBUG main org.apache.http.impl.client.SystemDefaultHttpClient - Connection can be kept alive indefinitely
DEBUG main org.apache.http.wire - << "[\n]"
DEBUG main org.apache.http.wire - << "{ "head": { "link": [], "vars": ["s", "v"] },[\n]"
DEBUG main org.apache.http.wire - << "  "results": { "distinct": false, "ordered": true, "bindings": [[\n]"
DEBUG main org.apache.http.wire - << "    { "s": { "type": "uri", "value": "http://dbpedia.org/resource/Democratic_Party_(United_States)" }[0x9], "v": { "type": "typed-literal", "datatype": "http://www.w3.org/2001/XMLSchema#float", "value": "861.695" }},[\n]"
DEBUG main org.apache.http.wire - << "    { "s": { "type": "uri", "value": "http://dbpedia.org/resource/Republican_Party_(United_States)" }[0x9], "v": { "type": "typed-literal", "datatype": "http://www.w3.org/2001/XMLSchema#float", "value": "835.101" }},[\n]"
DEBUG main org.apache.http.wire - << "    { "s": { "type": "uri", "value": "http://dbpedia.org/resource/Barack_Obama" }[0x9], "v": { "type": "typed-literal", "datatype": "http://www.w3.org/2001/XMLSchema#float", "value": "509.522" }},[\n]"
DEBUG main org.apache.http.wire - << "    { "s": { "type": "uri", "value": "http://dbpedia.org/resource/Conservative_Party_(UK)" }[0x9], "v": { "type": "typed-literal", "datatype": "http://www.w3.org/2001/XMLSchema#float", "value": "482.647" }},[\n]"
DEBUG main org.apache.http.wire - << "    { "s": { "type": "uri", "value": "http://dbpedia.org/resource/Labour_Party_(UK)" }[0x9], "v": { "type": "typed-literal", "datatype": "http://www.w3.org/2001/XMLSchema#float", "value": "428.361" }},[\n]"
DEBUG main org.apache.http.wire - << "    { "s": { "type": "uri", "value": "http://dbpedia.org/resource/George_W._Bush" }[0x9], "v": { "type": "typed-literal", "datatype": "http://www.w3.org/2001/XMLSchema#float", "value": "413.085" }},[\n]"
DEBUG main org.apache.http.wire - << "    { "s": { "type": "uri", "value": "http://dbpedia.org/resource/NATO" }[0x9], "v": { "type": "typed-literal", "datatype": "http://www.w3.org/2001/XMLSchema#float", "value": "411.35" }},[\n]"
DEBUG main org.apache.http.wire - << "    { "s": { "type": "uri", "value": "http://dbpedia.org/resource/Bill_Clinton" }[0x9], "v": { "type": "typed-literal", "datatype": "http://www.w3.org/2001/XMLSchema#float", "value": "308.69" }},[\n]"
DEBUG main org.apache.http.wire - << "    { "s": { "type": "uri", "value": "http://dbpedia.org/resource/Ronald_Reagan" }[0x9], "v": { "type": "typed-literal", "datatype": "http://www.w3.org/2001/XMLSchema#float", "value": "290.419" }},[\n]"
DEBUG main org.apache.http.wire - << "    { "s": { "type": "uri", "value": "http://dbpedia.org/resource/Iranian_calendars" }[0x9], "v": { "type": "typed-literal", "datatype": "http://www.w3.org/2001/XMLSchema#float", "value": "265.583" }} ] } }"
DEBUG main org.apache.http.impl.conn.PoolingClientConnectionManager - Connection [id: 0][route: {}->http://dbpedia.org] can be kept alive indefinitely
DEBUG main org.apache.http.impl.conn.PoolingClientConnectionManager - Connection released: [id: 0][route: {}->http://dbpedia.org][total kept alive: 1; route allocated: 1 of 5; total allocated: 1 of 10]
DEBUG Finalizer org.apache.http.impl.conn.PoolingClientConnectionManager - Connection manager is shutting down
DEBUG Finalizer org.apache.http.impl.conn.DefaultClientConnection - Connection 0.0.0.0:62691<->194.109.129.58:80 closed
DEBUG Finalizer org.apache.http.impl.conn.DefaultClientConnection - Connection 0.0.0.0:62691<->194.109.129.58:80 closed
DEBUG Finalizer org.apache.http.impl.conn.PoolingClientConnectionManager - Connection manager shut down
DEBUG main Jena - Jena initialization
DEBUG main org.apache.jena.util.FileManager - Add location: LocatorFile
DEBUG main org.apache.jena.util.FileManager - Add location: ClassLoaderLocator
DEBUG main org.apache.jena.util.LocationMapper - Failed to find configuration: file:location-mapping.rdf;file:location-mapping.n3;file:location-mapping.ttl;file:etc/location-mapping.rdf;file:etc/location-mapping.n3;file:etc/location-mapping.ttl
DEBUG main org.apache.jena.util.FileManager - Add location: LocatorFile
DEBUG main org.apache.jena.util.FileManager - Add location: LocatorURL
DEBUG main org.apache.jena.util.FileManager - Add location: ClassLoaderLocator
DEBUG main org.apache.jena.riot.system.stream.JenaIOEnvironment - Failed to find configuration: location-mapping.ttl;location-mapping.rdf;location-mapping.n3;etc/location-mapping.rdf;etc/location-mapping.n3;etc/location-mapping.ttl
DEBUG main org.apache.jena.riot.web.HttpOp - [1] GET http://dbpedia.org/sparql?query=PREFIX++dbo%3A++%3Chttp%3A%2F%2Fdbpedia.org%2Fontology%2F%3E%0APREFIX++rdf%3A++%3Chttp%3A%2F%2Fwww.w3.org%2F1999%2F02%2F22-rdf-syntax-ns%23%3E%0APREFIX++vrank%3A+%3Chttp%3A%2F%2Fpurl.org%2Fvoc%2Fvrank%23%3E%0A%0ASELECT++%3Fs+%3Fv%0AFROM+%3Chttp%3A%2F%2Fdbpedia.org%3E%0AFROM+%3Chttp%3A%2F%2Fpeople.aifb.kit.edu%2Fath%2F%23DBpedia_PageRank%3E%0AWHERE%0A++%7B+++%7B+%3Fs++rdf%3Atype++dbo%3APoliticalParty+%7D%0A++++UNION%0A++++++%7B+%3Fs++rdf%3Atype++dbo%3APolitician+%7D%0A++++%3Fs+vrank%3AhasRank%2Fvrank%3ArankValue+%3Fv%0A++%7D%0AORDER+BY+DESC%28%3Fv%29%0ALIMIT+++10%0A
DEBUG main org.apache.http.impl.conn.PoolingClientConnectionManager - Connection request: [route: {}->http://dbpedia.org][total kept alive: 0; route allocated: 0 of 5; total allocated: 0 of 10]
DEBUG main org.apache.http.impl.conn.PoolingClientConnectionManager - Connection leased: [id: 0][route: {}->http://dbpedia.org][total kept alive: 0; route allocated: 1 of 5; total allocated: 1 of 10]
DEBUG main org.apache.http.impl.conn.DefaultClientConnectionOperator - Connecting to dbpedia.org:80
DEBUG main org.apache.http.client.protocol.RequestAddCookies - CookieSpec selected: best-match
DEBUG main org.apache.http.client.protocol.RequestAuthCache - Auth cache not set in the context
DEBUG main org.apache.http.client.protocol.RequestTargetAuthentication - Target auth state: UNCHALLENGED
DEBUG main org.apache.http.client.protocol.RequestProxyAuthentication - Proxy auth state: UNCHALLENGED
DEBUG main org.apache.http.impl.client.SystemDefaultHttpClient - Attempt 1 to execute request
DEBUG main org.apache.http.impl.conn.DefaultClientConnection - Sending request: GET /sparql?query=PREFIX++dbo%3A++%3Chttp%3A%2F%2Fdbpedia.org%2Fontology%2F%3E%0APREFIX++rdf%3A++%3Chttp%3A%2F%2Fwww.w3.org%2F1999%2F02%2F22-rdf-syntax-ns%23%3E%0APREFIX++vrank%3A+%3Chttp%3A%2F%2Fpurl.org%2Fvoc%2Fvrank%23%3E%0A%0ASELECT++%3Fs+%3Fv%0AFROM+%3Chttp%3A%2F%2Fdbpedia.org%3E%0AFROM+%3Chttp%3A%2F%2Fpeople.aifb.kit.edu%2Fath%2F%23DBpedia_PageRank%3E%0AWHERE%0A++%7B+++%7B+%3Fs++rdf%3Atype++dbo%3APoliticalParty+%7D%0A++++UNION%0A++++++%7B+%3Fs++rdf%3Atype++dbo%3APolitician+%7D%0A++++%3Fs+vrank%3AhasRank%2Fvrank%3ArankValue+%3Fv%0A++%7D%0AORDER+BY+DESC%28%3Fv%29%0ALIMIT+++10%0A HTTP/1.1
DEBUG main org.apache.http.wire - >> "GET /sparql?query=PREFIX++dbo%3A++%3Chttp%3A%2F%2Fdbpedia.org%2Fontology%2F%3E%0APREFIX++rdf%3A++%3Chttp%3A%2F%2Fwww.w3.org%2F1999%2F02%2F22-rdf-syntax-ns%23%3E%0APREFIX++vrank%3A+%3Chttp%3A%2F%2Fpurl.org%2Fvoc%2Fvrank%23%3E%0A%0ASELECT++%3Fs+%3Fv%0AFROM+%3Chttp%3A%2F%2Fdbpedia.org%3E%0AFROM+%3Chttp%3A%2F%2Fpeople.aifb.kit.edu%2Fath%2F%23DBpedia_PageRank%3E%0AWHERE%0A++%7B+++%7B+%3Fs++rdf%3Atype++dbo%3APoliticalParty+%7D%0A++++UNION%0A++++++%7B+%3Fs++rdf%3Atype++dbo%3APolitician+%7D%0A++++%3Fs+vrank%3AhasRank%2Fvrank%3ArankValue+%3Fv%0A++%7D%0AORDER+BY+DESC%28%3Fv%29%0ALIMIT+++10%0A HTTP/1.1[\r][\n]"
DEBUG main org.apache.http.wire - >> "Accept: application/sparql-results+json, application/sparql-results+xml;q=0.9, text/tab-separated-values;q=0.7, text/csv;q=0.5, application/json;q=0.2, application/xml;q=0.2, */*;q=0.1[\r][\n]"
DEBUG main org.apache.http.wire - >> "User-Agent: Apache-Jena-ARQ/3.0.1[\r][\n]"
DEBUG main org.apache.http.wire - >> "Accept-Encoding: gzip,deflate[\r][\n]"
DEBUG main org.apache.http.wire - >> "Host: dbpedia.org[\r][\n]"
DEBUG main org.apache.http.wire - >> "Connection: Keep-Alive[\r][\n]"
DEBUG main org.apache.http.wire - >> "[\r][\n]"
DEBUG main org.apache.http.headers - >> GET /sparql?query=PREFIX++dbo%3A++%3Chttp%3A%2F%2Fdbpedia.org%2Fontology%2F%3E%0APREFIX++rdf%3A++%3Chttp%3A%2F%2Fwww.w3.org%2F1999%2F02%2F22-rdf-syntax-ns%23%3E%0APREFIX++vrank%3A+%3Chttp%3A%2F%2Fpurl.org%2Fvoc%2Fvrank%23%3E%0A%0ASELECT++%3Fs+%3Fv%0AFROM+%3Chttp%3A%2F%2Fdbpedia.org%3E%0AFROM+%3Chttp%3A%2F%2Fpeople.aifb.kit.edu%2Fath%2F%23DBpedia_PageRank%3E%0AWHERE%0A++%7B+++%7B+%3Fs++rdf%3Atype++dbo%3APoliticalParty+%7D%0A++++UNION%0A++++++%7B+%3Fs++rdf%3Atype++dbo%3APolitician+%7D%0A++++%3Fs+vrank%3AhasRank%2Fvrank%3ArankValue+%3Fv%0A++%7D%0AORDER+BY+DESC%28%3Fv%29%0ALIMIT+++10%0A HTTP/1.1
DEBUG main org.apache.http.headers - >> Accept: application/sparql-results+json, application/sparql-results+xml;q=0.9, text/tab-separated-values;q=0.7, text/csv;q=0.5, application/json;q=0.2, application/xml;q=0.2, */*;q=0.1
DEBUG main org.apache.http.headers - >> User-Agent: Apache-Jena-ARQ/3.0.1
DEBUG main org.apache.http.headers - >> Accept-Encoding: gzip,deflate
DEBUG main org.apache.http.headers - >> Host: dbpedia.org
DEBUG main org.apache.http.headers - >> Connection: Keep-Alive
DEBUG main org.apache.http.wire - << "HTTP/1.1 200 OK[\r][\n]"
DEBUG main org.apache.http.wire - << "Date: Sat, 21 Apr 2018 15:36:11 GMT[\r][\n]"
DEBUG main org.apache.http.wire - << "Content-Type: application/sparql-results+json[\r][\n]"
DEBUG main org.apache.http.wire - << "Content-Length: 2100[\r][\n]"
DEBUG main org.apache.http.wire - << "Connection: keep-alive[\r][\n]"
DEBUG main org.apache.http.wire - << "Server: Virtuoso/07.20.3228 (Linux) i686-generic-linux-glibc25-64  VDB[\r][\n]"
DEBUG main org.apache.http.wire - << "Expires: Sat, 28 Apr 2018 15:36:11 GMT[\r][\n]"
DEBUG main org.apache.http.wire - << "Cache-Control: max-age=604800[\r][\n]"
DEBUG main org.apache.http.wire - << "Access-Control-Allow-Origin: *[\r][\n]"
DEBUG main org.apache.http.wire - << "Access-Control-Allow-Credentials: true[\r][\n]"
DEBUG main org.apache.http.wire - << "Access-Control-Allow-Methods: GET, POST, OPTIONS[\r][\n]"
DEBUG main org.apache.http.wire - << "Access-Control-Allow-Headers: DNT,X-CustomHeader,Keep-Alive,User-Agent,X-Requested-With,If-Modified-Since,Cache-Control,Content-Type,Accept-Encoding[\r][\n]"
DEBUG main org.apache.http.wire - << "Accept-Ranges: bytes[\r][\n]"
DEBUG main org.apache.http.wire - << "[\r][\n]"
DEBUG main org.apache.http.impl.conn.DefaultClientConnection - Receiving response: HTTP/1.1 200 OK
DEBUG main org.apache.http.headers - << HTTP/1.1 200 OK
DEBUG main org.apache.http.headers - << Date: Sat, 21 Apr 2018 15:36:11 GMT
DEBUG main org.apache.http.headers - << Content-Type: application/sparql-results+json
DEBUG main org.apache.http.headers - << Content-Length: 2100
DEBUG main org.apache.http.headers - << Connection: keep-alive
DEBUG main org.apache.http.headers - << Server: Virtuoso/07.20.3228 (Linux) i686-generic-linux-glibc25-64  VDB
DEBUG main org.apache.http.headers - << Expires: Sat, 28 Apr 2018 15:36:11 GMT
DEBUG main org.apache.http.headers - << Cache-Control: max-age=604800
DEBUG main org.apache.http.headers - << Access-Control-Allow-Origin: *
DEBUG main org.apache.http.headers - << Access-Control-Allow-Credentials: true
DEBUG main org.apache.http.headers - << Access-Control-Allow-Methods: GET, POST, OPTIONS
DEBUG main org.apache.http.headers - << Access-Control-Allow-Headers: DNT,X-CustomHeader,Keep-Alive,User-Agent,X-Requested-With,If-Modified-Since,Cache-Control,Content-Type,Accept-Encoding
DEBUG main org.apache.http.headers - << Accept-Ranges: bytes
DEBUG main org.apache.http.impl.client.SystemDefaultHttpClient - Connection can be kept alive indefinitely
DEBUG main org.apache.http.wire - << "[\n]"
DEBUG main org.apache.http.wire - << "{ "head": { "link": [], "vars": ["s", "v"] },[\n]"
DEBUG main org.apache.http.wire - << "  "results": { "distinct": false, "ordered": true, "bindings": [[\n]"
DEBUG main org.apache.http.wire - << "    { "s": { "type": "uri", "value": "http://dbpedia.org/resource/Democratic_Party_(United_States)" }[0x9], "v": { "type": "typed-literal", "datatype": "http://www.w3.org/2001/XMLSchema#float", "value": "861.695" }},[\n]"
DEBUG main org.apache.http.wire - << "    { "s": { "type": "uri", "value": "http://dbpedia.org/resource/Republican_Party_(United_States)" }[0x9], "v": { "type": "typed-literal", "datatype": "http://www.w3.org/2001/XMLSchema#float", "value": "835.101" }},[\n]"
DEBUG main org.apache.http.wire - << "    { "s": { "type": "uri", "value": "http://dbpedia.org/resource/Barack_Obama" }[0x9], "v": { "type": "typed-literal", "datatype": "http://www.w3.org/2001/XMLSchema#float", "value": "509.522" }},[\n]"
DEBUG main org.apache.http.wire - << "    { "s": { "type": "uri", "value": "http://dbpedia.org/resource/Conservative_Party_(UK)" }[0x9], "v": { "type": "typed-literal", "datatype": "http://www.w3.org/2001/XMLSchema#float", "value": "482.647" }},[\n]"
DEBUG main org.apache.http.wire - << "    { "s": { "type": "uri", "value": "http://dbpedia.org/resource/Labour_Party_(UK)" }[0x9], "v": { "type": "typed-literal", "datatype": "http://www.w3.org/2001/XMLSchema#float", "value": "428.361" }},[\n]"
DEBUG main org.apache.http.wire - << "    { "s": { "type": "uri", "value": "http://dbpedia.org/resource/George_W._Bush" }[0x9], "v": { "type": "typed-literal", "datatype": "http://www.w3.org/2001/XMLSchema#float", "value": "413.085" }},[\n]"
DEBUG main org.apache.http.wire - << "    { "s": { "type": "uri", "value": "http://dbpedia.org/resource/NATO" }[0x9], "v": { "type": "typed-literal", "datatype": "http://www.w3.org/2001/XMLSchema#float", "value": "411.35" }},[\n]"
DEBUG main org.apache.http.wire - << "    { "s": { "type": "uri", "value": "http://dbpedia.org/resource/Bill_Clinton" }[0x9], "v": { "type": "typed-literal", "datatype": "http://www.w3.org/2001/XMLSchema#float", "value": "308.69" }},[\n]"
DEBUG main org.apache.http.wire - << "    { "s": { "type": "uri", "value": "http://dbpedia.org/resource/Ronald_Reagan" }[0x9], "v": { "type": "typed-literal", "datatype": "http://www.w3.org/2001/XMLSchema#float", "value": "290.419" }},[\n]"
DEBUG main org.apache.http.wire - << "    { "s": { "type": "uri", "value": "http://dbpedia.org/resource/Iranian_calendars" }[0x9], "v": { "type": "typed-literal", "datatype": "http://www.w3.org/2001/XMLSchema#float", "value": "265.583" }} ] } }"
DEBUG main org.apache.http.impl.conn.PoolingClientConnectionManager - Connection [id: 0][route: {}->http://dbpedia.org] can be kept alive indefinitely
DEBUG main org.apache.http.impl.conn.PoolingClientConnectionManager - Connection released: [id: 0][route: {}->http://dbpedia.org][total kept alive: 1; route allocated: 1 of 5; total allocated: 1 of 10]
DEBUG Finalizer org.apache.http.impl.conn.PoolingClientConnectionManager - Connection manager is shutting down
DEBUG Finalizer org.apache.http.impl.conn.DefaultClientConnection - Connection 0.0.0.0:62855<->194.109.129.58:80 closed
DEBUG Finalizer org.apache.http.impl.conn.DefaultClientConnection - Connection 0.0.0.0:62855<->194.109.129.58:80 closed
DEBUG Finalizer org.apache.http.impl.conn.PoolingClientConnectionManager - Connection manager shut down
